<?xml version="1.0" encoding="UTF-8"?>
<testsuite xmlns:xsi="http://www.w3.org/2001/XMLSchema-instance" xsi:noNamespaceSchemaLocation="https://maven.apache.org/surefire/maven-surefire-plugin/xsd/surefire-test-report-3.0.xsd" version="3.0" name="com.obsdl.master.controller.TaskControllerApiTest" time="0.162" tests="8" errors="0" skipped="0" failures="0">
  <properties>
[...]
</properties>
  <testcase name="retryFromTaskCreatesNewTaskWithOnlyFailedObjects" classname="com.obsdl.master.controller.TaskControllerApiTest" time="0.071">
    <system-out><![CDATA[2026-02-22T00:59:31.477+08:00  INFO 87760 --- [obsdl-master] [           main] t.c.s.AnnotationConfigContextLoaderUtils : Could not detect default configuration classes for test class [com.obsdl.master.controller.TaskControllerApiTest]: TaskControllerApiTest does not declare any static, non-private, non-final, nested classes annotated with @Configuration.
2026-02-22T00:59:31.478+08:00  INFO 87760 --- [obsdl-master] [           main] .b.t.c.SpringBootTestContextBootstrapper : Found @SpringBootConfiguration com.obsdl.master.MasterApplication for test class com.obsdl.master.controller.TaskControllerApiTest
Creating a new SqlSession
Registering transaction synchronization for SqlSession [org.apache.ibatis.session.defaults.DefaultSqlSession@5bfdc92b]
JDBC Connection [HikariProxyConnection@1439007204 wrapping conn0: url=jdbc:h2:mem:obsdl user=SA] will be managed by Spring
==>  Preparing: SELECT id,account_name,access_key,secret_key,endpoint,bucket,created_at,updated_at FROM obs_account WHERE id=?
==> Parameters: 5(Long)
<==    Columns: id, account_name, access_key, secret_key, endpoint, bucket, created_at, updated_at
<==        Row: 5, acc-retry, ak-retry, sk-retry, obs-retry.example.com, bucket-default, 2026-02-22 00:59:31.483926, 2026-02-22 00:59:31.483926
<==      Total: 1
Releasing transactional SqlSession [org.apache.ibatis.session.defaults.DefaultSqlSession@5bfdc92b]
Fetched SqlSession [org.apache.ibatis.session.defaults.DefaultSqlSession@5bfdc92b] from current transaction
==>  Preparing: INSERT INTO download_task ( account_id, bucket, concurrency, total_objects, done_objects, status, created_at, updated_at ) VALUES ( ?, ?, ?, ?, ?, ?, ?, ? )
==> Parameters: 5(Long), bucket-main(String), 4(Integer), 2(Integer), 0(Integer), CREATED(String), 2026-02-22T00:59:31.498229(LocalDateTime), 2026-02-22T00:59:31.498229(LocalDateTime)
<==    Updates: 1
Releasing transactional SqlSession [org.apache.ibatis.session.defaults.DefaultSqlSession@5bfdc92b]
JDBC Connection [HikariProxyConnection@1439007204 wrapping conn0: url=jdbc:h2:mem:obsdl user=SA] will be managed by Spring
==>  Preparing: INSERT INTO task_object ( task_id, object_key, size, status, created_at, updated_at ) VALUES ( ?, ?, ?, ?, ?, ? )
==> Parameters: 1003(Long), ok-file.txt(String), 0(Long), PENDING(String), 2026-02-22T00:59:31.498229(LocalDateTime), 2026-02-22T00:59:31.498229(LocalDateTime)
==> Parameters: 1003(Long), failed-file.txt(String), 0(Long), PENDING(String), 2026-02-22T00:59:31.498229(LocalDateTime), 2026-02-22T00:59:31.498229(LocalDateTime)
Transaction synchronization committing SqlSession [org.apache.ibatis.session.defaults.DefaultSqlSession@5bfdc92b]
Transaction synchronization deregistering SqlSession [org.apache.ibatis.session.defaults.DefaultSqlSession@5bfdc92b]
Transaction synchronization closing SqlSession [org.apache.ibatis.session.defaults.DefaultSqlSession@5bfdc92b]
Creating a new SqlSession
Registering transaction synchronization for SqlSession [org.apache.ibatis.session.defaults.DefaultSqlSession@2e51ede1]
JDBC Connection [HikariProxyConnection@687055384 wrapping conn0: url=jdbc:h2:mem:obsdl user=SA] will be managed by Spring
==>  Preparing: SELECT id,account_id,bucket,concurrency,total_objects,done_objects,status,created_at,updated_at FROM download_task WHERE id=?
==> Parameters: 1003(Long)
<==    Columns: id, account_id, bucket, concurrency, total_objects, done_objects, status, created_at, updated_at
<==        Row: 1003, 5, bucket-main, 4, 2, 0, CREATED, 2026-02-22 00:59:31.498229, 2026-02-22 00:59:31.498229
<==      Total: 1
Releasing transactional SqlSession [org.apache.ibatis.session.defaults.DefaultSqlSession@2e51ede1]
Fetched SqlSession [org.apache.ibatis.session.defaults.DefaultSqlSession@2e51ede1] from current transaction
==>  Preparing: SELECT id,account_name,access_key,secret_key,endpoint,bucket,created_at,updated_at FROM obs_account WHERE id=?
==> Parameters: 5(Long)
<==    Columns: id, account_name, access_key, secret_key, endpoint, bucket, created_at, updated_at
<==        Row: 5, acc-retry, ak-retry, sk-retry, obs-retry.example.com, bucket-default, 2026-02-22 00:59:31.483926, 2026-02-22 00:59:31.483926
<==      Total: 1
Releasing transactional SqlSession [org.apache.ibatis.session.defaults.DefaultSqlSession@2e51ede1]
Fetched SqlSession [org.apache.ibatis.session.defaults.DefaultSqlSession@2e51ede1] from current transaction
==>  Preparing: SELECT id, task_id, object_key, size, status, leased_by, etag, created_at, updated_at FROM task_object WHERE task_id = ? AND status = 'PENDING' ORDER BY id LIMIT ? FOR UPDATE
==> Parameters: 1003(Long), 2(Integer)
<==    Columns: id, task_id, object_key, size, status, leased_by, etag, created_at, updated_at
<==        Row: 2004, 1003, ok-file.txt, 0, PENDING, null, null, 2026-02-22 00:59:31.498229, 2026-02-22 00:59:31.498229
<==        Row: 2005, 1003, failed-file.txt, 0, PENDING, null, null, 2026-02-22 00:59:31.498229, 2026-02-22 00:59:31.498229
<==      Total: 2
Releasing transactional SqlSession [org.apache.ibatis.session.defaults.DefaultSqlSession@2e51ede1]
Fetched SqlSession [org.apache.ibatis.session.defaults.DefaultSqlSession@2e51ede1] from current transaction
==>  Preparing: UPDATE task_object SET status = 'LEASED', leased_by = ?, updated_at = NOW() WHERE task_id = ? AND id IN ( ? , ? )
==> Parameters: worker-retry(String), 1003(Long), 2004(Long), 2005(Long)
<==    Updates: 2
Releasing transactional SqlSession [org.apache.ibatis.session.defaults.DefaultSqlSession@2e51ede1]
Transaction synchronization committing SqlSession [org.apache.ibatis.session.defaults.DefaultSqlSession@2e51ede1]
Transaction synchronization deregistering SqlSession [org.apache.ibatis.session.defaults.DefaultSqlSession@2e51ede1]
Transaction synchronization closing SqlSession [org.apache.ibatis.session.defaults.DefaultSqlSession@2e51ede1]
Creating a new SqlSession
Registering transaction synchronization for SqlSession [org.apache.ibatis.session.defaults.DefaultSqlSession@33197c2f]
JDBC Connection [HikariProxyConnection@1430405516 wrapping conn0: url=jdbc:h2:mem:obsdl user=SA] will be managed by Spring
==>  Preparing: SELECT id,account_id,bucket,concurrency,total_objects,done_objects,status,created_at,updated_at FROM download_task WHERE id=?
==> Parameters: 1003(Long)
<==    Columns: id, account_id, bucket, concurrency, total_objects, done_objects, status, created_at, updated_at
<==        Row: 1003, 5, bucket-main, 4, 2, 0, CREATED, 2026-02-22 00:59:31.498229, 2026-02-22 00:59:31.498229
<==      Total: 1
Releasing transactional SqlSession [org.apache.ibatis.session.defaults.DefaultSqlSession@33197c2f]
Fetched SqlSession [org.apache.ibatis.session.defaults.DefaultSqlSession@33197c2f] from current transaction
==>  Preparing: SELECT id, task_id, object_key, size, status, leased_by, etag, created_at, updated_at FROM task_object WHERE task_id = ? AND object_key = ? FOR UPDATE
==> Parameters: 1003(Long), ok-file.txt(String)
<==    Columns: id, task_id, object_key, size, status, leased_by, etag, created_at, updated_at
<==        Row: 2004, 1003, ok-file.txt, 0, LEASED, worker-retry, null, 2026-02-22 00:59:31.498229, 2026-02-22 00:59:31.521225
<==      Total: 1
Releasing transactional SqlSession [org.apache.ibatis.session.defaults.DefaultSqlSession@33197c2f]
Fetched SqlSession [org.apache.ibatis.session.defaults.DefaultSqlSession@33197c2f] from current transaction
==>  Preparing: UPDATE task_object SET task_id=?, object_key=?, size=?, status=?, leased_by=?, created_at=?, updated_at=? WHERE id=?
==> Parameters: 1003(Long), ok-file.txt(String), 0(Long), DONE(String), worker-retry(String), 2026-02-22T00:59:31.498229(LocalDateTime), 2026-02-22T00:59:31.521225(LocalDateTime), 2004(Long)
<==    Updates: 1
Releasing transactional SqlSession [org.apache.ibatis.session.defaults.DefaultSqlSession@33197c2f]
Fetched SqlSession [org.apache.ibatis.session.defaults.DefaultSqlSession@33197c2f] from current transaction
==>  Preparing: UPDATE download_task SET done_objects = done_objects + 1, updated_at = NOW() WHERE id = ?
==> Parameters: 1003(Long)
<==    Updates: 1
Releasing transactional SqlSession [org.apache.ibatis.session.defaults.DefaultSqlSession@33197c2f]
Fetched SqlSession [org.apache.ibatis.session.defaults.DefaultSqlSession@33197c2f] from current transaction
==>  Preparing: UPDATE download_task SET status = 'DONE', updated_at = NOW() WHERE id = ? AND done_objects = total_objects AND status <> 'DONE'
==> Parameters: 1003(Long)
<==    Updates: 0
Releasing transactional SqlSession [org.apache.ibatis.session.defaults.DefaultSqlSession@33197c2f]
Transaction synchronization committing SqlSession [org.apache.ibatis.session.defaults.DefaultSqlSession@33197c2f]
Transaction synchronization deregistering SqlSession [org.apache.ibatis.session.defaults.DefaultSqlSession@33197c2f]
Transaction synchronization closing SqlSession [org.apache.ibatis.session.defaults.DefaultSqlSession@33197c2f]
Creating a new SqlSession
Registering transaction synchronization for SqlSession [org.apache.ibatis.session.defaults.DefaultSqlSession@46146832]
JDBC Connection [HikariProxyConnection@1970665441 wrapping conn0: url=jdbc:h2:mem:obsdl user=SA] will be managed by Spring
==>  Preparing: SELECT id,account_id,bucket,concurrency,total_objects,done_objects,status,created_at,updated_at FROM download_task WHERE id=?
==> Parameters: 1003(Long)
<==    Columns: id, account_id, bucket, concurrency, total_objects, done_objects, status, created_at, updated_at
<==        Row: 1003, 5, bucket-main, 4, 2, 1, CREATED, 2026-02-22 00:59:31.498229, 2026-02-22 00:59:31.535542
<==      Total: 1
Releasing transactional SqlSession [org.apache.ibatis.session.defaults.DefaultSqlSession@46146832]
Fetched SqlSession [org.apache.ibatis.session.defaults.DefaultSqlSession@46146832] from current transaction
==>  Preparing: SELECT id, task_id, object_key, size, status, leased_by, etag, created_at, updated_at FROM task_object WHERE task_id = ? AND object_key = ? FOR UPDATE
==> Parameters: 1003(Long), failed-file.txt(String)
<==    Columns: id, task_id, object_key, size, status, leased_by, etag, created_at, updated_at
<==        Row: 2005, 1003, failed-file.txt, 0, LEASED, worker-retry, null, 2026-02-22 00:59:31.498229, 2026-02-22 00:59:31.521225
<==      Total: 1
Releasing transactional SqlSession [org.apache.ibatis.session.defaults.DefaultSqlSession@46146832]
Fetched SqlSession [org.apache.ibatis.session.defaults.DefaultSqlSession@46146832] from current transaction
==>  Preparing: UPDATE task_object SET task_id=?, object_key=?, size=?, status=?, leased_by=?, created_at=?, updated_at=? WHERE id=?
==> Parameters: 1003(Long), failed-file.txt(String), 0(Long), FAILED(String), worker-retry(String), 2026-02-22T00:59:31.498229(LocalDateTime), 2026-02-22T00:59:31.521225(LocalDateTime), 2005(Long)
<==    Updates: 1
Releasing transactional SqlSession [org.apache.ibatis.session.defaults.DefaultSqlSession@46146832]
2026-02-22T00:59:31.540+08:00  WARN 87760 --- [obsdl-master] [           main] com.obsdl.master.service.TaskService     : object reported failed, taskId=1003, objectKey=failed-file.txt, workerId=worker-retry, error=timeout 
Transaction synchronization committing SqlSession [org.apache.ibatis.session.defaults.DefaultSqlSession@46146832]
Transaction synchronization deregistering SqlSession [org.apache.ibatis.session.defaults.DefaultSqlSession@46146832]
Transaction synchronization closing SqlSession [org.apache.ibatis.session.defaults.DefaultSqlSession@46146832]
Creating a new SqlSession
Registering transaction synchronization for SqlSession [org.apache.ibatis.session.defaults.DefaultSqlSession@4626f584]
JDBC Connection [HikariProxyConnection@1045343603 wrapping conn0: url=jdbc:h2:mem:obsdl user=SA] will be managed by Spring
==>  Preparing: SELECT id,account_id,bucket,concurrency,total_objects,done_objects,status,created_at,updated_at FROM download_task WHERE id=?
==> Parameters: 1003(Long)
<==    Columns: id, account_id, bucket, concurrency, total_objects, done_objects, status, created_at, updated_at
<==        Row: 1003, 5, bucket-main, 4, 2, 1, CREATED, 2026-02-22 00:59:31.498229, 2026-02-22 00:59:31.535542
<==      Total: 1
Releasing transactional SqlSession [org.apache.ibatis.session.defaults.DefaultSqlSession@4626f584]
Fetched SqlSession [org.apache.ibatis.session.defaults.DefaultSqlSession@4626f584] from current transaction
==>  Preparing: SELECT id,task_id,object_key,size,status,leased_by,etag,created_at,updated_at FROM task_object WHERE (task_id = ? AND status = ?)
==> Parameters: 1003(Long), FAILED(String)
<==    Columns: id, task_id, object_key, size, status, leased_by, etag, created_at, updated_at
<==        Row: 2005, 1003, failed-file.txt, 0, FAILED, worker-retry, null, 2026-02-22 00:59:31.498229, 2026-02-22 00:59:31.521225
<==      Total: 1
Releasing transactional SqlSession [org.apache.ibatis.session.defaults.DefaultSqlSession@4626f584]
Fetched SqlSession [org.apache.ibatis.session.defaults.DefaultSqlSession@4626f584] from current transaction
==>  Preparing: INSERT INTO download_task ( account_id, bucket, concurrency, total_objects, done_objects, status, created_at, updated_at ) VALUES ( ?, ?, ?, ?, ?, ?, ?, ? )
==> Parameters: 5(Long), bucket-main(String), 4(Integer), 1(Integer), 0(Integer), CREATED(String), 2026-02-22T00:59:31.545246(LocalDateTime), 2026-02-22T00:59:31.545246(LocalDateTime)
<==    Updates: 1
Releasing transactional SqlSession [org.apache.ibatis.session.defaults.DefaultSqlSession@4626f584]
JDBC Connection [HikariProxyConnection@1045343603 wrapping conn0: url=jdbc:h2:mem:obsdl user=SA] will be managed by Spring
==>  Preparing: INSERT INTO task_object ( task_id, object_key, size, status, created_at, updated_at ) VALUES ( ?, ?, ?, ?, ?, ? )
==> Parameters: 1004(Long), failed-file.txt(String), 0(Long), PENDING(String), 2026-02-22T00:59:31.545246(LocalDateTime), 2026-02-22T00:59:31.545246(LocalDateTime)
Transaction synchronization committing SqlSession [org.apache.ibatis.session.defaults.DefaultSqlSession@4626f584]
Transaction synchronization deregistering SqlSession [org.apache.ibatis.session.defaults.DefaultSqlSession@4626f584]
Transaction synchronization closing SqlSession [org.apache.ibatis.session.defaults.DefaultSqlSession@4626f584]
]]></system-out>
  </testcase>
  <testcase name="getTaskAndListObjectsReturnsExpectedPayload" classname="com.obsdl.master.controller.TaskControllerApiTest" time="0.018">
    <system-out><![CDATA[Creating a new SqlSession
Registering transaction synchronization for SqlSession [org.apache.ibatis.session.defaults.DefaultSqlSession@4df5f119]
JDBC Connection [HikariProxyConnection@1652008086 wrapping conn0: url=jdbc:h2:mem:obsdl user=SA] will be managed by Spring
==>  Preparing: SELECT id,account_name,access_key,secret_key,endpoint,bucket,created_at,updated_at FROM obs_account WHERE id=?
==> Parameters: 6(Long)
<==    Columns: id, account_name, access_key, secret_key, endpoint, bucket, created_at, updated_at
<==        Row: 6, acc-query, ak-query, sk-query, obs-query.example.com, bucket-default, 2026-02-22 00:59:31.555309, 2026-02-22 00:59:31.555309
<==      Total: 1
Releasing transactional SqlSession [org.apache.ibatis.session.defaults.DefaultSqlSession@4df5f119]
Fetched SqlSession [org.apache.ibatis.session.defaults.DefaultSqlSession@4df5f119] from current transaction
==>  Preparing: INSERT INTO download_task ( account_id, bucket, concurrency, total_objects, done_objects, status, created_at, updated_at ) VALUES ( ?, ?, ?, ?, ?, ?, ?, ? )
==> Parameters: 6(Long), bucket-main(String), 4(Integer), 2(Integer), 0(Integer), CREATED(String), 2026-02-22T00:59:31.558145(LocalDateTime), 2026-02-22T00:59:31.558145(LocalDateTime)
<==    Updates: 1
Releasing transactional SqlSession [org.apache.ibatis.session.defaults.DefaultSqlSession@4df5f119]
JDBC Connection [HikariProxyConnection@1652008086 wrapping conn0: url=jdbc:h2:mem:obsdl user=SA] will be managed by Spring
==>  Preparing: INSERT INTO task_object ( task_id, object_key, size, status, created_at, updated_at ) VALUES ( ?, ?, ?, ?, ?, ? )
==> Parameters: 1005(Long), obj-a.txt(String), 0(Long), PENDING(String), 2026-02-22T00:59:31.558145(LocalDateTime), 2026-02-22T00:59:31.558145(LocalDateTime)
==> Parameters: 1005(Long), obj-b.txt(String), 0(Long), PENDING(String), 2026-02-22T00:59:31.558145(LocalDateTime), 2026-02-22T00:59:31.558145(LocalDateTime)
Transaction synchronization committing SqlSession [org.apache.ibatis.session.defaults.DefaultSqlSession@4df5f119]
Transaction synchronization deregistering SqlSession [org.apache.ibatis.session.defaults.DefaultSqlSession@4df5f119]
Transaction synchronization closing SqlSession [org.apache.ibatis.session.defaults.DefaultSqlSession@4df5f119]
Creating a new SqlSession
SqlSession [org.apache.ibatis.session.defaults.DefaultSqlSession@61ec2cb5] was not registered for synchronization because synchronization is not active
JDBC Connection [HikariProxyConnection@948552515 wrapping conn0: url=jdbc:h2:mem:obsdl user=SA] will not be managed by Spring
==>  Preparing: SELECT id,account_id,bucket,concurrency,total_objects,done_objects,status,created_at,updated_at FROM download_task WHERE id=?
==> Parameters: 1005(Long)
<==    Columns: id, account_id, bucket, concurrency, total_objects, done_objects, status, created_at, updated_at
<==        Row: 1005, 6, bucket-main, 4, 2, 0, CREATED, 2026-02-22 00:59:31.558145, 2026-02-22 00:59:31.558145
<==      Total: 1
Closing non transactional SqlSession [org.apache.ibatis.session.defaults.DefaultSqlSession@61ec2cb5]
Creating a new SqlSession
SqlSession [org.apache.ibatis.session.defaults.DefaultSqlSession@50e4d8cd] was not registered for synchronization because synchronization is not active
JDBC Connection [HikariProxyConnection@1261949348 wrapping conn0: url=jdbc:h2:mem:obsdl user=SA] will not be managed by Spring
==>  Preparing: SELECT id,account_id,bucket,concurrency,total_objects,done_objects,status,created_at,updated_at FROM download_task WHERE id=?
==> Parameters: 1005(Long)
<==    Columns: id, account_id, bucket, concurrency, total_objects, done_objects, status, created_at, updated_at
<==        Row: 1005, 6, bucket-main, 4, 2, 0, CREATED, 2026-02-22 00:59:31.558145, 2026-02-22 00:59:31.558145
<==      Total: 1
Closing non transactional SqlSession [org.apache.ibatis.session.defaults.DefaultSqlSession@50e4d8cd]
Creating a new SqlSession
SqlSession [org.apache.ibatis.session.defaults.DefaultSqlSession@70dd79f7] was not registered for synchronization because synchronization is not active
JDBC Connection [HikariProxyConnection@1323407208 wrapping conn0: url=jdbc:h2:mem:obsdl user=SA] will not be managed by Spring
==>  Preparing: SELECT id,task_id,object_key,size,status,leased_by,etag,created_at,updated_at FROM task_object WHERE (task_id = ?)
==> Parameters: 1005(Long)
<==    Columns: id, task_id, object_key, size, status, leased_by, etag, created_at, updated_at
<==        Row: 2007, 1005, obj-a.txt, 0, PENDING, null, null, 2026-02-22 00:59:31.558145, 2026-02-22 00:59:31.558145
<==        Row: 2008, 1005, obj-b.txt, 0, PENDING, null, null, 2026-02-22 00:59:31.558145, 2026-02-22 00:59:31.558145
<==      Total: 2
Closing non transactional SqlSession [org.apache.ibatis.session.defaults.DefaultSqlSession@70dd79f7]
Creating a new SqlSession
SqlSession [org.apache.ibatis.session.defaults.DefaultSqlSession@44f338ec] was not registered for synchronization because synchronization is not active
JDBC Connection [HikariProxyConnection@1689057490 wrapping conn0: url=jdbc:h2:mem:obsdl user=SA] will not be managed by Spring
==>  Preparing: SELECT id,account_id,bucket,concurrency,total_objects,done_objects,status,created_at,updated_at FROM download_task WHERE id=?
==> Parameters: 1005(Long)
<==    Columns: id, account_id, bucket, concurrency, total_objects, done_objects, status, created_at, updated_at
<==        Row: 1005, 6, bucket-main, 4, 2, 0, CREATED, 2026-02-22 00:59:31.558145, 2026-02-22 00:59:31.558145
<==      Total: 1
Closing non transactional SqlSession [org.apache.ibatis.session.defaults.DefaultSqlSession@44f338ec]
Creating a new SqlSession
SqlSession [org.apache.ibatis.session.defaults.DefaultSqlSession@112a50a1] was not registered for synchronization because synchronization is not active
JDBC Connection [HikariProxyConnection@1649998289 wrapping conn0: url=jdbc:h2:mem:obsdl user=SA] will not be managed by Spring
==>  Preparing: SELECT id,task_id,object_key,size,status,leased_by,etag,created_at,updated_at FROM task_object WHERE (task_id = ?)
==> Parameters: 1005(Long)
<==    Columns: id, task_id, object_key, size, status, leased_by, etag, created_at, updated_at
<==        Row: 2007, 1005, obj-a.txt, 0, PENDING, null, null, 2026-02-22 00:59:31.558145, 2026-02-22 00:59:31.558145
<==        Row: 2008, 1005, obj-b.txt, 0, PENDING, null, null, 2026-02-22 00:59:31.558145, 2026-02-22 00:59:31.558145
<==      Total: 2
Closing non transactional SqlSession [org.apache.ibatis.session.defaults.DefaultSqlSession@112a50a1]
]]></system-out>
  </testcase>
  <testcase name="reportFailedMarksObjectFailedWithoutIncreasingDoneCount" classname="com.obsdl.master.controller.TaskControllerApiTest" time="0.013">
    <system-out><![CDATA[Creating a new SqlSession
Registering transaction synchronization for SqlSession [org.apache.ibatis.session.defaults.DefaultSqlSession@7fb46c10]
JDBC Connection [HikariProxyConnection@1766592209 wrapping conn0: url=jdbc:h2:mem:obsdl user=SA] will be managed by Spring
==>  Preparing: SELECT id,account_name,access_key,secret_key,endpoint,bucket,created_at,updated_at FROM obs_account WHERE id=?
==> Parameters: 7(Long)
<==    Columns: id, account_name, access_key, secret_key, endpoint, bucket, created_at, updated_at
<==        Row: 7, acc-failed, ak-failed, sk-failed, obs-gz.example.com, bucket-default, 2026-02-22 00:59:31.572864, 2026-02-22 00:59:31.572864
<==      Total: 1
Releasing transactional SqlSession [org.apache.ibatis.session.defaults.DefaultSqlSession@7fb46c10]
Fetched SqlSession [org.apache.ibatis.session.defaults.DefaultSqlSession@7fb46c10] from current transaction
==>  Preparing: INSERT INTO download_task ( account_id, bucket, concurrency, total_objects, done_objects, status, created_at, updated_at ) VALUES ( ?, ?, ?, ?, ?, ?, ?, ? )
==> Parameters: 7(Long), bucket-main(String), 4(Integer), 1(Integer), 0(Integer), CREATED(String), 2026-02-22T00:59:31.574628(LocalDateTime), 2026-02-22T00:59:31.574628(LocalDateTime)
<==    Updates: 1
Releasing transactional SqlSession [org.apache.ibatis.session.defaults.DefaultSqlSession@7fb46c10]
JDBC Connection [HikariProxyConnection@1766592209 wrapping conn0: url=jdbc:h2:mem:obsdl user=SA] will be managed by Spring
==>  Preparing: INSERT INTO task_object ( task_id, object_key, size, status, created_at, updated_at ) VALUES ( ?, ?, ?, ?, ?, ? )
==> Parameters: 1006(Long), failed-file.txt(String), 0(Long), PENDING(String), 2026-02-22T00:59:31.574628(LocalDateTime), 2026-02-22T00:59:31.574628(LocalDateTime)
Transaction synchronization committing SqlSession [org.apache.ibatis.session.defaults.DefaultSqlSession@7fb46c10]
Transaction synchronization deregistering SqlSession [org.apache.ibatis.session.defaults.DefaultSqlSession@7fb46c10]
Transaction synchronization closing SqlSession [org.apache.ibatis.session.defaults.DefaultSqlSession@7fb46c10]
Creating a new SqlSession
Registering transaction synchronization for SqlSession [org.apache.ibatis.session.defaults.DefaultSqlSession@2b441609]
JDBC Connection [HikariProxyConnection@885723920 wrapping conn0: url=jdbc:h2:mem:obsdl user=SA] will be managed by Spring
==>  Preparing: SELECT id,account_id,bucket,concurrency,total_objects,done_objects,status,created_at,updated_at FROM download_task WHERE id=?
==> Parameters: 1006(Long)
<==    Columns: id, account_id, bucket, concurrency, total_objects, done_objects, status, created_at, updated_at
<==        Row: 1006, 7, bucket-main, 4, 1, 0, CREATED, 2026-02-22 00:59:31.574628, 2026-02-22 00:59:31.574628
<==      Total: 1
Releasing transactional SqlSession [org.apache.ibatis.session.defaults.DefaultSqlSession@2b441609]
Fetched SqlSession [org.apache.ibatis.session.defaults.DefaultSqlSession@2b441609] from current transaction
==>  Preparing: SELECT id,account_name,access_key,secret_key,endpoint,bucket,created_at,updated_at FROM obs_account WHERE id=?
==> Parameters: 7(Long)
<==    Columns: id, account_name, access_key, secret_key, endpoint, bucket, created_at, updated_at
<==        Row: 7, acc-failed, ak-failed, sk-failed, obs-gz.example.com, bucket-default, 2026-02-22 00:59:31.572864, 2026-02-22 00:59:31.572864
<==      Total: 1
Releasing transactional SqlSession [org.apache.ibatis.session.defaults.DefaultSqlSession@2b441609]
Fetched SqlSession [org.apache.ibatis.session.defaults.DefaultSqlSession@2b441609] from current transaction
==>  Preparing: SELECT id, task_id, object_key, size, status, leased_by, etag, created_at, updated_at FROM task_object WHERE task_id = ? AND status = 'PENDING' ORDER BY id LIMIT ? FOR UPDATE
==> Parameters: 1006(Long), 1(Integer)
<==    Columns: id, task_id, object_key, size, status, leased_by, etag, created_at, updated_at
<==        Row: 2009, 1006, failed-file.txt, 0, PENDING, null, null, 2026-02-22 00:59:31.574628, 2026-02-22 00:59:31.574628
<==      Total: 1
Releasing transactional SqlSession [org.apache.ibatis.session.defaults.DefaultSqlSession@2b441609]
Fetched SqlSession [org.apache.ibatis.session.defaults.DefaultSqlSession@2b441609] from current transaction
==>  Preparing: UPDATE task_object SET status = 'LEASED', leased_by = ?, updated_at = NOW() WHERE task_id = ? AND id IN ( ? )
==> Parameters: worker-fail(String), 1006(Long), 2009(Long)
<==    Updates: 1
Releasing transactional SqlSession [org.apache.ibatis.session.defaults.DefaultSqlSession@2b441609]
Transaction synchronization committing SqlSession [org.apache.ibatis.session.defaults.DefaultSqlSession@2b441609]
Transaction synchronization deregistering SqlSession [org.apache.ibatis.session.defaults.DefaultSqlSession@2b441609]
Transaction synchronization closing SqlSession [org.apache.ibatis.session.defaults.DefaultSqlSession@2b441609]
Creating a new SqlSession
Registering transaction synchronization for SqlSession [org.apache.ibatis.session.defaults.DefaultSqlSession@da4c5cb]
JDBC Connection [HikariProxyConnection@1368568577 wrapping conn0: url=jdbc:h2:mem:obsdl user=SA] will be managed by Spring
==>  Preparing: SELECT id,account_id,bucket,concurrency,total_objects,done_objects,status,created_at,updated_at FROM download_task WHERE id=?
==> Parameters: 1006(Long)
<==    Columns: id, account_id, bucket, concurrency, total_objects, done_objects, status, created_at, updated_at
<==        Row: 1006, 7, bucket-main, 4, 1, 0, CREATED, 2026-02-22 00:59:31.574628, 2026-02-22 00:59:31.574628
<==      Total: 1
Releasing transactional SqlSession [org.apache.ibatis.session.defaults.DefaultSqlSession@da4c5cb]
Fetched SqlSession [org.apache.ibatis.session.defaults.DefaultSqlSession@da4c5cb] from current transaction
==>  Preparing: SELECT id, task_id, object_key, size, status, leased_by, etag, created_at, updated_at FROM task_object WHERE task_id = ? AND object_key = ? FOR UPDATE
==> Parameters: 1006(Long), failed-file.txt(String)
<==    Columns: id, task_id, object_key, size, status, leased_by, etag, created_at, updated_at
<==        Row: 2009, 1006, failed-file.txt, 0, LEASED, worker-fail, null, 2026-02-22 00:59:31.574628, 2026-02-22 00:59:31.578791
<==      Total: 1
Releasing transactional SqlSession [org.apache.ibatis.session.defaults.DefaultSqlSession@da4c5cb]
Fetched SqlSession [org.apache.ibatis.session.defaults.DefaultSqlSession@da4c5cb] from current transaction
==>  Preparing: UPDATE task_object SET task_id=?, object_key=?, size=?, status=?, leased_by=?, created_at=?, updated_at=? WHERE id=?
==> Parameters: 1006(Long), failed-file.txt(String), 0(Long), FAILED(String), worker-fail(String), 2026-02-22T00:59:31.574628(LocalDateTime), 2026-02-22T00:59:31.578791(LocalDateTime), 2009(Long)
<==    Updates: 1
Releasing transactional SqlSession [org.apache.ibatis.session.defaults.DefaultSqlSession@da4c5cb]
2026-02-22T00:59:31.582+08:00  WARN 87760 --- [obsdl-master] [           main] com.obsdl.master.service.TaskService     : object reported failed, taskId=1006, objectKey=failed-file.txt, workerId=worker-fail, error=network timeout 
Transaction synchronization committing SqlSession [org.apache.ibatis.session.defaults.DefaultSqlSession@da4c5cb]
Transaction synchronization deregistering SqlSession [org.apache.ibatis.session.defaults.DefaultSqlSession@da4c5cb]
Transaction synchronization closing SqlSession [org.apache.ibatis.session.defaults.DefaultSqlSession@da4c5cb]
]]></system-out>
  </testcase>
  <testcase name="leaseTaskUpdatesObjectLeaseFieldsAndReturnsCredentials" classname="com.obsdl.master.controller.TaskControllerApiTest" time="0.013">
    <system-out><![CDATA[Creating a new SqlSession
Registering transaction synchronization for SqlSession [org.apache.ibatis.session.defaults.DefaultSqlSession@7a85454b]
JDBC Connection [HikariProxyConnection@1939597292 wrapping conn0: url=jdbc:h2:mem:obsdl user=SA] will be managed by Spring
==>  Preparing: SELECT id,account_name,access_key,secret_key,endpoint,bucket,created_at,updated_at FROM obs_account WHERE id=?
==> Parameters: 8(Long)
<==    Columns: id, account_name, access_key, secret_key, endpoint, bucket, created_at, updated_at
<==        Row: 8, acc-lease, ak-lease, sk-lease, obs-hk.example.com, bucket-default, 2026-02-22 00:59:31.58633, 2026-02-22 00:59:31.58633
<==      Total: 1
Releasing transactional SqlSession [org.apache.ibatis.session.defaults.DefaultSqlSession@7a85454b]
Fetched SqlSession [org.apache.ibatis.session.defaults.DefaultSqlSession@7a85454b] from current transaction
==>  Preparing: INSERT INTO download_task ( account_id, bucket, concurrency, total_objects, done_objects, status, created_at, updated_at ) VALUES ( ?, ?, ?, ?, ?, ?, ?, ? )
==> Parameters: 8(Long), bucket-main(String), 4(Integer), 2(Integer), 0(Integer), CREATED(String), 2026-02-22T00:59:31.588530(LocalDateTime), 2026-02-22T00:59:31.588530(LocalDateTime)
<==    Updates: 1
Releasing transactional SqlSession [org.apache.ibatis.session.defaults.DefaultSqlSession@7a85454b]
JDBC Connection [HikariProxyConnection@1939597292 wrapping conn0: url=jdbc:h2:mem:obsdl user=SA] will be managed by Spring
==>  Preparing: INSERT INTO task_object ( task_id, object_key, size, status, created_at, updated_at ) VALUES ( ?, ?, ?, ?, ?, ? )
==> Parameters: 1007(Long), file-1.txt(String), 0(Long), PENDING(String), 2026-02-22T00:59:31.588530(LocalDateTime), 2026-02-22T00:59:31.588530(LocalDateTime)
==> Parameters: 1007(Long), file-2.txt(String), 0(Long), PENDING(String), 2026-02-22T00:59:31.588530(LocalDateTime), 2026-02-22T00:59:31.588530(LocalDateTime)
Transaction synchronization committing SqlSession [org.apache.ibatis.session.defaults.DefaultSqlSession@7a85454b]
Transaction synchronization deregistering SqlSession [org.apache.ibatis.session.defaults.DefaultSqlSession@7a85454b]
Transaction synchronization closing SqlSession [org.apache.ibatis.session.defaults.DefaultSqlSession@7a85454b]
Creating a new SqlSession
Registering transaction synchronization for SqlSession [org.apache.ibatis.session.defaults.DefaultSqlSession@54fffa5a]
JDBC Connection [HikariProxyConnection@1176189130 wrapping conn0: url=jdbc:h2:mem:obsdl user=SA] will be managed by Spring
==>  Preparing: SELECT id,account_id,bucket,concurrency,total_objects,done_objects,status,created_at,updated_at FROM download_task WHERE id=?
==> Parameters: 1007(Long)
<==    Columns: id, account_id, bucket, concurrency, total_objects, done_objects, status, created_at, updated_at
<==        Row: 1007, 8, bucket-main, 4, 2, 0, CREATED, 2026-02-22 00:59:31.58853, 2026-02-22 00:59:31.58853
<==      Total: 1
Releasing transactional SqlSession [org.apache.ibatis.session.defaults.DefaultSqlSession@54fffa5a]
Fetched SqlSession [org.apache.ibatis.session.defaults.DefaultSqlSession@54fffa5a] from current transaction
==>  Preparing: SELECT id,account_name,access_key,secret_key,endpoint,bucket,created_at,updated_at FROM obs_account WHERE id=?
==> Parameters: 8(Long)
<==    Columns: id, account_name, access_key, secret_key, endpoint, bucket, created_at, updated_at
<==        Row: 8, acc-lease, ak-lease, sk-lease, obs-hk.example.com, bucket-default, 2026-02-22 00:59:31.58633, 2026-02-22 00:59:31.58633
<==      Total: 1
Releasing transactional SqlSession [org.apache.ibatis.session.defaults.DefaultSqlSession@54fffa5a]
Fetched SqlSession [org.apache.ibatis.session.defaults.DefaultSqlSession@54fffa5a] from current transaction
==>  Preparing: SELECT id, task_id, object_key, size, status, leased_by, etag, created_at, updated_at FROM task_object WHERE task_id = ? AND status = 'PENDING' ORDER BY id LIMIT ? FOR UPDATE
==> Parameters: 1007(Long), 1(Integer)
<==    Columns: id, task_id, object_key, size, status, leased_by, etag, created_at, updated_at
<==        Row: 2010, 1007, file-1.txt, 0, PENDING, null, null, 2026-02-22 00:59:31.58853, 2026-02-22 00:59:31.58853
<==      Total: 1
Releasing transactional SqlSession [org.apache.ibatis.session.defaults.DefaultSqlSession@54fffa5a]
Fetched SqlSession [org.apache.ibatis.session.defaults.DefaultSqlSession@54fffa5a] from current transaction
==>  Preparing: UPDATE task_object SET status = 'LEASED', leased_by = ?, updated_at = NOW() WHERE task_id = ? AND id IN ( ? )
==> Parameters: worker-a(String), 1007(Long), 2010(Long)
<==    Updates: 1
Releasing transactional SqlSession [org.apache.ibatis.session.defaults.DefaultSqlSession@54fffa5a]
Transaction synchronization committing SqlSession [org.apache.ibatis.session.defaults.DefaultSqlSession@54fffa5a]
Transaction synchronization deregistering SqlSession [org.apache.ibatis.session.defaults.DefaultSqlSession@54fffa5a]
Transaction synchronization closing SqlSession [org.apache.ibatis.session.defaults.DefaultSqlSession@54fffa5a]
]]></system-out>
  </testcase>
  <testcase name="createTaskReturnsNotFoundWhenAccountDoesNotExist" classname="com.obsdl.master.controller.TaskControllerApiTest" time="0.004">
    <system-out><![CDATA[Creating a new SqlSession
Registering transaction synchronization for SqlSession [org.apache.ibatis.session.defaults.DefaultSqlSession@2082e0e4]
JDBC Connection [HikariProxyConnection@701379561 wrapping conn0: url=jdbc:h2:mem:obsdl user=SA] will be managed by Spring
==>  Preparing: SELECT id,account_name,access_key,secret_key,endpoint,bucket,created_at,updated_at FROM obs_account WHERE id=?
==> Parameters: 999999(Long)
<==      Total: 0
Releasing transactional SqlSession [org.apache.ibatis.session.defaults.DefaultSqlSession@2082e0e4]
Transaction synchronization deregistering SqlSession [org.apache.ibatis.session.defaults.DefaultSqlSession@2082e0e4]
Transaction synchronization closing SqlSession [org.apache.ibatis.session.defaults.DefaultSqlSession@2082e0e4]
]]></system-out>
  </testcase>
  <testcase name="reportDoneUpdatesObjectAndTaskCompletionFields" classname="com.obsdl.master.controller.TaskControllerApiTest" time="0.014">
    <system-out><![CDATA[Creating a new SqlSession
Registering transaction synchronization for SqlSession [org.apache.ibatis.session.defaults.DefaultSqlSession@5c945ee7]
JDBC Connection [HikariProxyConnection@384537519 wrapping conn0: url=jdbc:h2:mem:obsdl user=SA] will be managed by Spring
==>  Preparing: SELECT id,account_name,access_key,secret_key,endpoint,bucket,created_at,updated_at FROM obs_account WHERE id=?
==> Parameters: 9(Long)
<==    Columns: id, account_name, access_key, secret_key, endpoint, bucket, created_at, updated_at
<==        Row: 9, acc-done, ak-done, sk-done, obs-sz.example.com, bucket-default, 2026-02-22 00:59:31.604899, 2026-02-22 00:59:31.604899
<==      Total: 1
Releasing transactional SqlSession [org.apache.ibatis.session.defaults.DefaultSqlSession@5c945ee7]
Fetched SqlSession [org.apache.ibatis.session.defaults.DefaultSqlSession@5c945ee7] from current transaction
==>  Preparing: INSERT INTO download_task ( account_id, bucket, concurrency, total_objects, done_objects, status, created_at, updated_at ) VALUES ( ?, ?, ?, ?, ?, ?, ?, ? )
==> Parameters: 9(Long), bucket-main(String), 4(Integer), 1(Integer), 0(Integer), CREATED(String), 2026-02-22T00:59:31.606945(LocalDateTime), 2026-02-22T00:59:31.606945(LocalDateTime)
<==    Updates: 1
Releasing transactional SqlSession [org.apache.ibatis.session.defaults.DefaultSqlSession@5c945ee7]
JDBC Connection [HikariProxyConnection@384537519 wrapping conn0: url=jdbc:h2:mem:obsdl user=SA] will be managed by Spring
==>  Preparing: INSERT INTO task_object ( task_id, object_key, size, status, created_at, updated_at ) VALUES ( ?, ?, ?, ?, ?, ? )
==> Parameters: 1008(Long), done-file.txt(String), 0(Long), PENDING(String), 2026-02-22T00:59:31.606945(LocalDateTime), 2026-02-22T00:59:31.606945(LocalDateTime)
Transaction synchronization committing SqlSession [org.apache.ibatis.session.defaults.DefaultSqlSession@5c945ee7]
Transaction synchronization deregistering SqlSession [org.apache.ibatis.session.defaults.DefaultSqlSession@5c945ee7]
Transaction synchronization closing SqlSession [org.apache.ibatis.session.defaults.DefaultSqlSession@5c945ee7]
Creating a new SqlSession
Registering transaction synchronization for SqlSession [org.apache.ibatis.session.defaults.DefaultSqlSession@1932ad2c]
JDBC Connection [HikariProxyConnection@1387567249 wrapping conn0: url=jdbc:h2:mem:obsdl user=SA] will be managed by Spring
==>  Preparing: SELECT id,account_id,bucket,concurrency,total_objects,done_objects,status,created_at,updated_at FROM download_task WHERE id=?
==> Parameters: 1008(Long)
<==    Columns: id, account_id, bucket, concurrency, total_objects, done_objects, status, created_at, updated_at
<==        Row: 1008, 9, bucket-main, 4, 1, 0, CREATED, 2026-02-22 00:59:31.606945, 2026-02-22 00:59:31.606945
<==      Total: 1
Releasing transactional SqlSession [org.apache.ibatis.session.defaults.DefaultSqlSession@1932ad2c]
Fetched SqlSession [org.apache.ibatis.session.defaults.DefaultSqlSession@1932ad2c] from current transaction
==>  Preparing: SELECT id,account_name,access_key,secret_key,endpoint,bucket,created_at,updated_at FROM obs_account WHERE id=?
==> Parameters: 9(Long)
<==    Columns: id, account_name, access_key, secret_key, endpoint, bucket, created_at, updated_at
<==        Row: 9, acc-done, ak-done, sk-done, obs-sz.example.com, bucket-default, 2026-02-22 00:59:31.604899, 2026-02-22 00:59:31.604899
<==      Total: 1
Releasing transactional SqlSession [org.apache.ibatis.session.defaults.DefaultSqlSession@1932ad2c]
Fetched SqlSession [org.apache.ibatis.session.defaults.DefaultSqlSession@1932ad2c] from current transaction
==>  Preparing: SELECT id, task_id, object_key, size, status, leased_by, etag, created_at, updated_at FROM task_object WHERE task_id = ? AND status = 'PENDING' ORDER BY id LIMIT ? FOR UPDATE
==> Parameters: 1008(Long), 1(Integer)
<==    Columns: id, task_id, object_key, size, status, leased_by, etag, created_at, updated_at
<==        Row: 2012, 1008, done-file.txt, 0, PENDING, null, null, 2026-02-22 00:59:31.606945, 2026-02-22 00:59:31.606945
<==      Total: 1
Releasing transactional SqlSession [org.apache.ibatis.session.defaults.DefaultSqlSession@1932ad2c]
Fetched SqlSession [org.apache.ibatis.session.defaults.DefaultSqlSession@1932ad2c] from current transaction
==>  Preparing: UPDATE task_object SET status = 'LEASED', leased_by = ?, updated_at = NOW() WHERE task_id = ? AND id IN ( ? )
==> Parameters: worker-done(String), 1008(Long), 2012(Long)
<==    Updates: 1
Releasing transactional SqlSession [org.apache.ibatis.session.defaults.DefaultSqlSession@1932ad2c]
Transaction synchronization committing SqlSession [org.apache.ibatis.session.defaults.DefaultSqlSession@1932ad2c]
Transaction synchronization deregistering SqlSession [org.apache.ibatis.session.defaults.DefaultSqlSession@1932ad2c]
Transaction synchronization closing SqlSession [org.apache.ibatis.session.defaults.DefaultSqlSession@1932ad2c]
Creating a new SqlSession
Registering transaction synchronization for SqlSession [org.apache.ibatis.session.defaults.DefaultSqlSession@75973f7a]
JDBC Connection [HikariProxyConnection@1383931873 wrapping conn0: url=jdbc:h2:mem:obsdl user=SA] will be managed by Spring
==>  Preparing: SELECT id,account_id,bucket,concurrency,total_objects,done_objects,status,created_at,updated_at FROM download_task WHERE id=?
==> Parameters: 1008(Long)
<==    Columns: id, account_id, bucket, concurrency, total_objects, done_objects, status, created_at, updated_at
<==        Row: 1008, 9, bucket-main, 4, 1, 0, CREATED, 2026-02-22 00:59:31.606945, 2026-02-22 00:59:31.606945
<==      Total: 1
Releasing transactional SqlSession [org.apache.ibatis.session.defaults.DefaultSqlSession@75973f7a]
Fetched SqlSession [org.apache.ibatis.session.defaults.DefaultSqlSession@75973f7a] from current transaction
==>  Preparing: SELECT id, task_id, object_key, size, status, leased_by, etag, created_at, updated_at FROM task_object WHERE task_id = ? AND object_key = ? FOR UPDATE
==> Parameters: 1008(Long), done-file.txt(String)
<==    Columns: id, task_id, object_key, size, status, leased_by, etag, created_at, updated_at
<==        Row: 2012, 1008, done-file.txt, 0, LEASED, worker-done, null, 2026-02-22 00:59:31.606945, 2026-02-22 00:59:31.612315
<==      Total: 1
Releasing transactional SqlSession [org.apache.ibatis.session.defaults.DefaultSqlSession@75973f7a]
Fetched SqlSession [org.apache.ibatis.session.defaults.DefaultSqlSession@75973f7a] from current transaction
==>  Preparing: UPDATE task_object SET task_id=?, object_key=?, size=?, status=?, leased_by=?, created_at=?, updated_at=? WHERE id=?
==> Parameters: 1008(Long), done-file.txt(String), 0(Long), DONE(String), worker-done(String), 2026-02-22T00:59:31.606945(LocalDateTime), 2026-02-22T00:59:31.612315(LocalDateTime), 2012(Long)
<==    Updates: 1
Releasing transactional SqlSession [org.apache.ibatis.session.defaults.DefaultSqlSession@75973f7a]
Fetched SqlSession [org.apache.ibatis.session.defaults.DefaultSqlSession@75973f7a] from current transaction
==>  Preparing: UPDATE download_task SET done_objects = done_objects + 1, updated_at = NOW() WHERE id = ?
==> Parameters: 1008(Long)
<==    Updates: 1
Releasing transactional SqlSession [org.apache.ibatis.session.defaults.DefaultSqlSession@75973f7a]
Fetched SqlSession [org.apache.ibatis.session.defaults.DefaultSqlSession@75973f7a] from current transaction
==>  Preparing: UPDATE download_task SET status = 'DONE', updated_at = NOW() WHERE id = ? AND done_objects = total_objects AND status <> 'DONE'
==> Parameters: 1008(Long)
<==    Updates: 1
Releasing transactional SqlSession [org.apache.ibatis.session.defaults.DefaultSqlSession@75973f7a]
Transaction synchronization committing SqlSession [org.apache.ibatis.session.defaults.DefaultSqlSession@75973f7a]
Transaction synchronization deregistering SqlSession [org.apache.ibatis.session.defaults.DefaultSqlSession@75973f7a]
Transaction synchronization closing SqlSession [org.apache.ibatis.session.defaults.DefaultSqlSession@75973f7a]
]]></system-out>
  </testcase>
  <testcase name="listTasksViaApiReturnsCreatedTasks" classname="com.obsdl.master.controller.TaskControllerApiTest" time="0.01">
    <system-out><![CDATA[Creating a new SqlSession
Registering transaction synchronization for SqlSession [org.apache.ibatis.session.defaults.DefaultSqlSession@145ef9e8]
JDBC Connection [HikariProxyConnection@1363879035 wrapping conn0: url=jdbc:h2:mem:obsdl user=SA] will be managed by Spring
==>  Preparing: SELECT id,account_name,access_key,secret_key,endpoint,bucket,created_at,updated_at FROM obs_account WHERE id=?
==> Parameters: 10(Long)
<==    Columns: id, account_name, access_key, secret_key, endpoint, bucket, created_at, updated_at
<==        Row: 10, acc-list, ak-list, sk-list, obs-list.example.com, bucket-default, 2026-02-22 00:59:31.619812, 2026-02-22 00:59:31.619812
<==      Total: 1
Releasing transactional SqlSession [org.apache.ibatis.session.defaults.DefaultSqlSession@145ef9e8]
Fetched SqlSession [org.apache.ibatis.session.defaults.DefaultSqlSession@145ef9e8] from current transaction
==>  Preparing: INSERT INTO download_task ( account_id, bucket, concurrency, total_objects, done_objects, status, created_at, updated_at ) VALUES ( ?, ?, ?, ?, ?, ?, ?, ? )
==> Parameters: 10(Long), bucket-main(String), 4(Integer), 1(Integer), 0(Integer), CREATED(String), 2026-02-22T00:59:31.622084(LocalDateTime), 2026-02-22T00:59:31.622084(LocalDateTime)
<==    Updates: 1
Releasing transactional SqlSession [org.apache.ibatis.session.defaults.DefaultSqlSession@145ef9e8]
JDBC Connection [HikariProxyConnection@1363879035 wrapping conn0: url=jdbc:h2:mem:obsdl user=SA] will be managed by Spring
==>  Preparing: INSERT INTO task_object ( task_id, object_key, size, status, created_at, updated_at ) VALUES ( ?, ?, ?, ?, ?, ? )
==> Parameters: 1009(Long), list-a.txt(String), 0(Long), PENDING(String), 2026-02-22T00:59:31.622084(LocalDateTime), 2026-02-22T00:59:31.622084(LocalDateTime)
Transaction synchronization committing SqlSession [org.apache.ibatis.session.defaults.DefaultSqlSession@145ef9e8]
Transaction synchronization deregistering SqlSession [org.apache.ibatis.session.defaults.DefaultSqlSession@145ef9e8]
Transaction synchronization closing SqlSession [org.apache.ibatis.session.defaults.DefaultSqlSession@145ef9e8]
Creating a new SqlSession
SqlSession [org.apache.ibatis.session.defaults.DefaultSqlSession@5440a3a] was not registered for synchronization because synchronization is not active
JDBC Connection [HikariProxyConnection@1203756577 wrapping conn0: url=jdbc:h2:mem:obsdl user=SA] will not be managed by Spring
==>  Preparing: SELECT id,account_id,bucket,concurrency,total_objects,done_objects,status,created_at,updated_at FROM download_task ORDER BY id DESC
==> Parameters: 
<==    Columns: id, account_id, bucket, concurrency, total_objects, done_objects, status, created_at, updated_at
<==        Row: 1009, 10, bucket-main, 4, 1, 0, CREATED, 2026-02-22 00:59:31.622084, 2026-02-22 00:59:31.622084
<==      Total: 1
Closing non transactional SqlSession [org.apache.ibatis.session.defaults.DefaultSqlSession@5440a3a]
Creating a new SqlSession
SqlSession [org.apache.ibatis.session.defaults.DefaultSqlSession@20706e70] was not registered for synchronization because synchronization is not active
JDBC Connection [HikariProxyConnection@1851767440 wrapping conn0: url=jdbc:h2:mem:obsdl user=SA] will not be managed by Spring
==>  Preparing: SELECT id,account_id,bucket,concurrency,total_objects,done_objects,status,created_at,updated_at FROM download_task WHERE id=?
==> Parameters: 1009(Long)
<==    Columns: id, account_id, bucket, concurrency, total_objects, done_objects, status, created_at, updated_at
<==        Row: 1009, 10, bucket-main, 4, 1, 0, CREATED, 2026-02-22 00:59:31.622084, 2026-02-22 00:59:31.622084
<==      Total: 1
Closing non transactional SqlSession [org.apache.ibatis.session.defaults.DefaultSqlSession@20706e70]
Creating a new SqlSession
SqlSession [org.apache.ibatis.session.defaults.DefaultSqlSession@57283fac] was not registered for synchronization because synchronization is not active
JDBC Connection [HikariProxyConnection@1299471046 wrapping conn0: url=jdbc:h2:mem:obsdl user=SA] will not be managed by Spring
==>  Preparing: SELECT id,task_id,object_key,size,status,leased_by,etag,created_at,updated_at FROM task_object WHERE (task_id = ?)
==> Parameters: 1009(Long)
<==    Columns: id, task_id, object_key, size, status, leased_by, etag, created_at, updated_at
<==        Row: 2013, 1009, list-a.txt, 0, PENDING, null, null, 2026-02-22 00:59:31.622084, 2026-02-22 00:59:31.622084
<==      Total: 1
Closing non transactional SqlSession [org.apache.ibatis.session.defaults.DefaultSqlSession@57283fac]
]]></system-out>
  </testcase>
  <testcase name="createTaskPersistsExpectedDatabaseFields" classname="com.obsdl.master.controller.TaskControllerApiTest" time="0.01">
    <system-out><![CDATA[Creating a new SqlSession
Registering transaction synchronization for SqlSession [org.apache.ibatis.session.defaults.DefaultSqlSession@6b8f87dc]
JDBC Connection [HikariProxyConnection@1336606561 wrapping conn0: url=jdbc:h2:mem:obsdl user=SA] will be managed by Spring
==>  Preparing: SELECT id,account_name,access_key,secret_key,endpoint,bucket,created_at,updated_at FROM obs_account WHERE id=?
==> Parameters: 11(Long)
<==    Columns: id, account_name, access_key, secret_key, endpoint, bucket, created_at, updated_at
<==        Row: 11, acc-main, ak-main, sk-main, obs-cn.example.com, bucket-default, 2026-02-22 00:59:31.63077, 2026-02-22 00:59:31.63077
<==      Total: 1
Releasing transactional SqlSession [org.apache.ibatis.session.defaults.DefaultSqlSession@6b8f87dc]
Fetched SqlSession [org.apache.ibatis.session.defaults.DefaultSqlSession@6b8f87dc] from current transaction
==>  Preparing: INSERT INTO download_task ( account_id, bucket, concurrency, total_objects, done_objects, status, created_at, updated_at ) VALUES ( ?, ?, ?, ?, ?, ?, ?, ? )
==> Parameters: 11(Long), bucket-main(String), 4(Integer), 2(Integer), 0(Integer), CREATED(String), 2026-02-22T00:59:31.632606(LocalDateTime), 2026-02-22T00:59:31.632606(LocalDateTime)
<==    Updates: 1
Releasing transactional SqlSession [org.apache.ibatis.session.defaults.DefaultSqlSession@6b8f87dc]
JDBC Connection [HikariProxyConnection@1336606561 wrapping conn0: url=jdbc:h2:mem:obsdl user=SA] will be managed by Spring
==>  Preparing: INSERT INTO task_object ( task_id, object_key, size, status, created_at, updated_at ) VALUES ( ?, ?, ?, ?, ?, ? )
==> Parameters: 1010(Long), file-1.txt(String), 0(Long), PENDING(String), 2026-02-22T00:59:31.632606(LocalDateTime), 2026-02-22T00:59:31.632606(LocalDateTime)
==> Parameters: 1010(Long), file-2.txt(String), 0(Long), PENDING(String), 2026-02-22T00:59:31.632606(LocalDateTime), 2026-02-22T00:59:31.632606(LocalDateTime)
Transaction synchronization committing SqlSession [org.apache.ibatis.session.defaults.DefaultSqlSession@6b8f87dc]
Transaction synchronization deregistering SqlSession [org.apache.ibatis.session.defaults.DefaultSqlSession@6b8f87dc]
Transaction synchronization closing SqlSession [org.apache.ibatis.session.defaults.DefaultSqlSession@6b8f87dc]
]]></system-out>
  </testcase>
</testsuite>