<?xml version="1.0" encoding="UTF-8"?>
<testsuite xmlns:xsi="http://www.w3.org/2001/XMLSchema-instance" xsi:noNamespaceSchemaLocation="https://maven.apache.org/surefire/maven-surefire-plugin/xsd/surefire-test-report-3.0.xsd" version="3.0" name="com.obsdl.master.controller.AccountControllerApiTest" time="12.868" tests="3" errors="0" skipped="0" failures="0">
  <properties>
[...]
</properties>
  <testcase name="updateMissingAccountReturnsBizError" classname="com.obsdl.master.controller.AccountControllerApiTest" time="11.083">
    <system-out><![CDATA[00:40:01.556 [main] INFO org.springframework.test.context.support.AnnotationConfigContextLoaderUtils -- Could not detect default configuration classes for test class [com.obsdl.master.controller.AccountControllerApiTest]: AccountControllerApiTest does not declare any static, non-private, non-final, nested classes annotated with @Configuration.
00:40:01.631 [main] INFO org.springframework.boot.test.context.SpringBootTestContextBootstrapper -- Found @SpringBootConfiguration com.obsdl.master.MasterApplication for test class com.obsdl.master.controller.AccountControllerApiTest

  .   ____          _            __ _ _
 /\\ / ___'_ __ _ _(_)_ __  __ _ \ \ \ \
( ( )\___ | '_ | '_| | '_ \/ _` | \ \ \ \
 \\/  ___)| |_)| | | | | || (_| |  ) ) ) )
  '  |____| .__|_| |_|_| |_\__, | / / / /
 =========|_|==============|___/=/_/_/_/

 :: Spring Boot ::                (v3.3.5)

2026-02-21T00:40:01.858+08:00  INFO 31345 --- [obsdl-master] [           main] c.o.m.c.AccountControllerApiTest         : Starting AccountControllerApiTest using Java 17.0.8.1 with PID 31345 (started by Jake in /Users/Jake/Documents/Code/HuaweiCloud-OBS-Concurrent-Download-Tool/master)
2026-02-21T00:40:01.859+08:00 DEBUG 31345 --- [obsdl-master] [           main] c.o.m.c.AccountControllerApiTest         : Running with Spring Boot v3.3.5, Spring v6.1.14
2026-02-21T00:40:01.859+08:00  INFO 31345 --- [obsdl-master] [           main] c.o.m.c.AccountControllerApiTest         : The following 1 profile is active: "demo"
2026-02-21T00:40:02.435+08:00  INFO 31345 --- [obsdl-master] [           main] com.zaxxer.hikari.HikariDataSource       : HikariPool-1 - Starting...
2026-02-21T00:40:02.548+08:00  INFO 31345 --- [obsdl-master] [           main] com.zaxxer.hikari.pool.HikariPool        : HikariPool-1 - Added connection conn0: url=jdbc:h2:mem:obsdl user=SA
2026-02-21T00:40:02.549+08:00  INFO 31345 --- [obsdl-master] [           main] com.zaxxer.hikari.HikariDataSource       : HikariPool-1 - Start completed.
Logging initialized using 'class org.apache.ibatis.logging.stdout.StdOutImpl' adapter.
Get /192.168.0.115 network interface 
Get network interface info: name:en0 (en0)
Initialization Sequence datacenterId:13 workerId:20
 _ _   |_  _ _|_. ___ _ |    _ 
| | |\/|_)(_| | |_\  |_)||_|_\ 
     /               |         
                        3.5.10.1 
2026-02-21T00:40:03.107+08:00  INFO 31345 --- [obsdl-master] [           main] o.s.b.a.h2.H2ConsoleAutoConfiguration    : H2 console available at '/h2-console'. Database available at 'jdbc:h2:mem:obsdl'
2026-02-21T00:40:03.136+08:00  INFO 31345 --- [obsdl-master] [           main] o.s.b.t.m.w.SpringBootMockServletContext : Initializing Spring TestDispatcherServlet ''
2026-02-21T00:40:03.136+08:00  INFO 31345 --- [obsdl-master] [           main] o.s.t.web.servlet.TestDispatcherServlet  : Initializing Servlet ''
2026-02-21T00:40:03.137+08:00  INFO 31345 --- [obsdl-master] [           main] o.s.t.web.servlet.TestDispatcherServlet  : Completed initialization in 1 ms
2026-02-21T00:40:03.159+08:00  INFO 31345 --- [obsdl-master] [           main] c.o.m.c.AccountControllerApiTest         : Started AccountControllerApiTest in 1.459 seconds (process running for 2.058)
Creating a new SqlSession
SqlSession [org.apache.ibatis.session.defaults.DefaultSqlSession@13018f00] was not registered for synchronization because synchronization is not active
JDBC Connection [HikariProxyConnection@739939746 wrapping conn0: url=jdbc:h2:mem:obsdl user=SA] will not be managed by Spring
==>  Preparing: SELECT id,account_name,access_key,secret_key,endpoint,bucket,created_at,updated_at FROM obs_account WHERE id=?
==> Parameters: 404(Long)
<==      Total: 0
Closing non transactional SqlSession [org.apache.ibatis.session.defaults.DefaultSqlSession@13018f00]
]]></system-out>
  </testcase>
  <testcase name="createWithBlankFieldsReturnsReadableValidationMessages" classname="com.obsdl.master.controller.AccountControllerApiTest" time="0.016"/>
  <testcase name="accountLifecycleViaApi" classname="com.obsdl.master.controller.AccountControllerApiTest" time="0.064">
    <system-out><![CDATA[Creating a new SqlSession
SqlSession [org.apache.ibatis.session.defaults.DefaultSqlSession@2b66bf1c] was not registered for synchronization because synchronization is not active
JDBC Connection [HikariProxyConnection@921999281 wrapping conn0: url=jdbc:h2:mem:obsdl user=SA] will not be managed by Spring
==>  Preparing: INSERT INTO obs_account ( account_name, access_key, secret_key, endpoint, bucket ) VALUES ( ?, ?, ?, ?, ? )
==> Parameters: acc-1(String), ak-1(String), sk-1(String), obs-cn.example.com(String), bucket-a(String)
<==    Updates: 1
Closing non transactional SqlSession [org.apache.ibatis.session.defaults.DefaultSqlSession@2b66bf1c]
Creating a new SqlSession
SqlSession [org.apache.ibatis.session.defaults.DefaultSqlSession@516155b5] was not registered for synchronization because synchronization is not active
JDBC Connection [HikariProxyConnection@552190309 wrapping conn0: url=jdbc:h2:mem:obsdl user=SA] will not be managed by Spring
==>  Preparing: SELECT id,account_name,access_key,secret_key,endpoint,bucket,created_at,updated_at FROM obs_account ORDER BY id ASC
==> Parameters: 
<==    Columns: id, account_name, access_key, secret_key, endpoint, bucket, created_at, updated_at
<==        Row: 3, acc-1, ak-1, sk-1, obs-cn.example.com, bucket-a, 2026-02-21 00:40:14.281703, 2026-02-21 00:40:14.281703
<==      Total: 1
Closing non transactional SqlSession [org.apache.ibatis.session.defaults.DefaultSqlSession@516155b5]
Creating a new SqlSession
SqlSession [org.apache.ibatis.session.defaults.DefaultSqlSession@281963c] was not registered for synchronization because synchronization is not active
JDBC Connection [HikariProxyConnection@707270092 wrapping conn0: url=jdbc:h2:mem:obsdl user=SA] will not be managed by Spring
==>  Preparing: SELECT id,account_name,access_key,secret_key,endpoint,bucket,created_at,updated_at FROM obs_account WHERE id=?
==> Parameters: 3(Long)
<==    Columns: id, account_name, access_key, secret_key, endpoint, bucket, created_at, updated_at
<==        Row: 3, acc-1, ak-1, sk-1, obs-cn.example.com, bucket-a, 2026-02-21 00:40:14.281703, 2026-02-21 00:40:14.281703
<==      Total: 1
Closing non transactional SqlSession [org.apache.ibatis.session.defaults.DefaultSqlSession@281963c]
Creating a new SqlSession
SqlSession [org.apache.ibatis.session.defaults.DefaultSqlSession@18fa5af6] was not registered for synchronization because synchronization is not active
JDBC Connection [HikariProxyConnection@461905695 wrapping conn0: url=jdbc:h2:mem:obsdl user=SA] will not be managed by Spring
==>  Preparing: UPDATE obs_account SET account_name=?, access_key=?, secret_key=?, endpoint=?, bucket=?, created_at=?, updated_at=? WHERE id=?
==> Parameters: acc-1-updated(String), ak-2(String), sk-2(String), obs-hk.example.com(String), bucket-b(String), 2026-02-21T00:40:14.281703(LocalDateTime), 2026-02-21T00:40:14.281703(LocalDateTime), 3(Long)
<==    Updates: 1
Closing non transactional SqlSession [org.apache.ibatis.session.defaults.DefaultSqlSession@18fa5af6]
Creating a new SqlSession
SqlSession [org.apache.ibatis.session.defaults.DefaultSqlSession@641cea11] was not registered for synchronization because synchronization is not active
JDBC Connection [HikariProxyConnection@1312634562 wrapping conn0: url=jdbc:h2:mem:obsdl user=SA] will not be managed by Spring
==>  Preparing: DELETE FROM obs_account WHERE id=?
==> Parameters: 3(Long)
<==    Updates: 1
Closing non transactional SqlSession [org.apache.ibatis.session.defaults.DefaultSqlSession@641cea11]
Creating a new SqlSession
SqlSession [org.apache.ibatis.session.defaults.DefaultSqlSession@192ecf8] was not registered for synchronization because synchronization is not active
JDBC Connection [HikariProxyConnection@641618222 wrapping conn0: url=jdbc:h2:mem:obsdl user=SA] will not be managed by Spring
==>  Preparing: SELECT id,account_name,access_key,secret_key,endpoint,bucket,created_at,updated_at FROM obs_account ORDER BY id ASC
==> Parameters: 
<==      Total: 0
Closing non transactional SqlSession [org.apache.ibatis.session.defaults.DefaultSqlSession@192ecf8]
]]></system-out>
  </testcase>
</testsuite>