<?xml version="1.0" encoding="UTF-8"?>
<testsuite xmlns:xsi="http://www.w3.org/2001/XMLSchema-instance" xsi:noNamespaceSchemaLocation="https://maven.apache.org/surefire/maven-surefire-plugin/xsd/surefire-test-report-3.0.xsd" version="3.0" name="com.obsdl.master.controller.TaskControllerApiTest" time="0.138" tests="6" errors="0" skipped="0" failures="0">
  <properties>
[...]
</properties>
  <testcase name="getTaskAndListObjectsReturnsExpectedPayload" classname="com.obsdl.master.controller.TaskControllerApiTest" time="0.051">
    <system-out><![CDATA[2026-02-21T00:40:14.338+08:00  INFO 31345 --- [obsdl-master] [           main] t.c.s.AnnotationConfigContextLoaderUtils : Could not detect default configuration classes for test class [com.obsdl.master.controller.TaskControllerApiTest]: TaskControllerApiTest does not declare any static, non-private, non-final, nested classes annotated with @Configuration.
2026-02-21T00:40:14.340+08:00  INFO 31345 --- [obsdl-master] [           main] .b.t.c.SpringBootTestContextBootstrapper : Found @SpringBootConfiguration com.obsdl.master.MasterApplication for test class com.obsdl.master.controller.TaskControllerApiTest
Creating a new SqlSession
Registering transaction synchronization for SqlSession [org.apache.ibatis.session.defaults.DefaultSqlSession@10b5ff4d]
JDBC Connection [HikariProxyConnection@31497227 wrapping conn0: url=jdbc:h2:mem:obsdl user=SA] will be managed by Spring
==>  Preparing: SELECT id,account_name,access_key,secret_key,endpoint,bucket,created_at,updated_at FROM obs_account WHERE id=?
==> Parameters: 4(Long)
<==    Columns: id, account_name, access_key, secret_key, endpoint, bucket, created_at, updated_at
<==        Row: 4, acc-query, ak-query, sk-query, obs-query.example.com, bucket-default, 2026-02-21 00:40:14.34617, 2026-02-21 00:40:14.34617
<==      Total: 1
Releasing transactional SqlSession [org.apache.ibatis.session.defaults.DefaultSqlSession@10b5ff4d]
Fetched SqlSession [org.apache.ibatis.session.defaults.DefaultSqlSession@10b5ff4d] from current transaction
==>  Preparing: INSERT INTO download_task ( account_id, bucket, concurrency, total_objects, done_objects, status, created_at, updated_at ) VALUES ( ?, ?, ?, ?, ?, ?, ?, ? )
==> Parameters: 4(Long), bucket-main(String), 4(Integer), 2(Integer), 0(Integer), CREATED(String), 2026-02-21T00:40:14.363964(LocalDateTime), 2026-02-21T00:40:14.363964(LocalDateTime)
<==    Updates: 1
Releasing transactional SqlSession [org.apache.ibatis.session.defaults.DefaultSqlSession@10b5ff4d]
JDBC Connection [HikariProxyConnection@31497227 wrapping conn0: url=jdbc:h2:mem:obsdl user=SA] will be managed by Spring
==>  Preparing: INSERT INTO task_object ( task_id, object_key, size, status, created_at, updated_at ) VALUES ( ?, ?, ?, ?, ?, ? )
==> Parameters: 1003(Long), obj-a.txt(String), 0(Long), PENDING(String), 2026-02-21T00:40:14.363964(LocalDateTime), 2026-02-21T00:40:14.363964(LocalDateTime)
==> Parameters: 1003(Long), obj-b.txt(String), 0(Long), PENDING(String), 2026-02-21T00:40:14.363964(LocalDateTime), 2026-02-21T00:40:14.363964(LocalDateTime)
Transaction synchronization committing SqlSession [org.apache.ibatis.session.defaults.DefaultSqlSession@10b5ff4d]
Transaction synchronization deregistering SqlSession [org.apache.ibatis.session.defaults.DefaultSqlSession@10b5ff4d]
Transaction synchronization closing SqlSession [org.apache.ibatis.session.defaults.DefaultSqlSession@10b5ff4d]
Creating a new SqlSession
SqlSession [org.apache.ibatis.session.defaults.DefaultSqlSession@45964b9e] was not registered for synchronization because synchronization is not active
JDBC Connection [HikariProxyConnection@376067673 wrapping conn0: url=jdbc:h2:mem:obsdl user=SA] will not be managed by Spring
==>  Preparing: SELECT id,account_id,bucket,concurrency,total_objects,done_objects,status,created_at,updated_at FROM download_task WHERE id=?
==> Parameters: 1003(Long)
<==    Columns: id, account_id, bucket, concurrency, total_objects, done_objects, status, created_at, updated_at
<==        Row: 1003, 4, bucket-main, 4, 2, 0, CREATED, 2026-02-21 00:40:14.363964, 2026-02-21 00:40:14.363964
<==      Total: 1
Closing non transactional SqlSession [org.apache.ibatis.session.defaults.DefaultSqlSession@45964b9e]
Creating a new SqlSession
SqlSession [org.apache.ibatis.session.defaults.DefaultSqlSession@a72925] was not registered for synchronization because synchronization is not active
JDBC Connection [HikariProxyConnection@1340777656 wrapping conn0: url=jdbc:h2:mem:obsdl user=SA] will not be managed by Spring
==>  Preparing: SELECT id,account_id,bucket,concurrency,total_objects,done_objects,status,created_at,updated_at FROM download_task WHERE id=?
==> Parameters: 1003(Long)
<==    Columns: id, account_id, bucket, concurrency, total_objects, done_objects, status, created_at, updated_at
<==        Row: 1003, 4, bucket-main, 4, 2, 0, CREATED, 2026-02-21 00:40:14.363964, 2026-02-21 00:40:14.363964
<==      Total: 1
Closing non transactional SqlSession [org.apache.ibatis.session.defaults.DefaultSqlSession@a72925]
Creating a new SqlSession
SqlSession [org.apache.ibatis.session.defaults.DefaultSqlSession@4f0cdd0f] was not registered for synchronization because synchronization is not active
JDBC Connection [HikariProxyConnection@2004020264 wrapping conn0: url=jdbc:h2:mem:obsdl user=SA] will not be managed by Spring
==>  Preparing: SELECT id,task_id,object_key,size,status,leased_by,etag,created_at,updated_at FROM task_object WHERE (task_id = ?)
==> Parameters: 1003(Long)
<==    Columns: id, task_id, object_key, size, status, leased_by, etag, created_at, updated_at
<==        Row: 2004, 1003, obj-a.txt, 0, PENDING, null, null, 2026-02-21 00:40:14.363964, 2026-02-21 00:40:14.363964
<==        Row: 2005, 1003, obj-b.txt, 0, PENDING, null, null, 2026-02-21 00:40:14.363964, 2026-02-21 00:40:14.363964
<==      Total: 2
Closing non transactional SqlSession [org.apache.ibatis.session.defaults.DefaultSqlSession@4f0cdd0f]
Creating a new SqlSession
SqlSession [org.apache.ibatis.session.defaults.DefaultSqlSession@7e615c6a] was not registered for synchronization because synchronization is not active
JDBC Connection [HikariProxyConnection@912443527 wrapping conn0: url=jdbc:h2:mem:obsdl user=SA] will not be managed by Spring
==>  Preparing: SELECT id,account_id,bucket,concurrency,total_objects,done_objects,status,created_at,updated_at FROM download_task WHERE id=?
==> Parameters: 1003(Long)
<==    Columns: id, account_id, bucket, concurrency, total_objects, done_objects, status, created_at, updated_at
<==        Row: 1003, 4, bucket-main, 4, 2, 0, CREATED, 2026-02-21 00:40:14.363964, 2026-02-21 00:40:14.363964
<==      Total: 1
Closing non transactional SqlSession [org.apache.ibatis.session.defaults.DefaultSqlSession@7e615c6a]
Creating a new SqlSession
SqlSession [org.apache.ibatis.session.defaults.DefaultSqlSession@912a644] was not registered for synchronization because synchronization is not active
JDBC Connection [HikariProxyConnection@1200408049 wrapping conn0: url=jdbc:h2:mem:obsdl user=SA] will not be managed by Spring
==>  Preparing: SELECT id,task_id,object_key,size,status,leased_by,etag,created_at,updated_at FROM task_object WHERE (task_id = ?)
==> Parameters: 1003(Long)
<==    Columns: id, task_id, object_key, size, status, leased_by, etag, created_at, updated_at
<==        Row: 2004, 1003, obj-a.txt, 0, PENDING, null, null, 2026-02-21 00:40:14.363964, 2026-02-21 00:40:14.363964
<==        Row: 2005, 1003, obj-b.txt, 0, PENDING, null, null, 2026-02-21 00:40:14.363964, 2026-02-21 00:40:14.363964
<==      Total: 2
Closing non transactional SqlSession [org.apache.ibatis.session.defaults.DefaultSqlSession@912a644]
]]></system-out>
  </testcase>
  <testcase name="reportFailedMarksObjectFailedWithoutIncreasingDoneCount" classname="com.obsdl.master.controller.TaskControllerApiTest" time="0.031">
    <system-out><![CDATA[Creating a new SqlSession
Registering transaction synchronization for SqlSession [org.apache.ibatis.session.defaults.DefaultSqlSession@32068aef]
JDBC Connection [HikariProxyConnection@1530563562 wrapping conn0: url=jdbc:h2:mem:obsdl user=SA] will be managed by Spring
==>  Preparing: SELECT id,account_name,access_key,secret_key,endpoint,bucket,created_at,updated_at FROM obs_account WHERE id=?
==> Parameters: 5(Long)
<==    Columns: id, account_name, access_key, secret_key, endpoint, bucket, created_at, updated_at
<==        Row: 5, acc-failed, ak-failed, sk-failed, obs-gz.example.com, bucket-default, 2026-02-21 00:40:14.39552, 2026-02-21 00:40:14.39552
<==      Total: 1
Releasing transactional SqlSession [org.apache.ibatis.session.defaults.DefaultSqlSession@32068aef]
Fetched SqlSession [org.apache.ibatis.session.defaults.DefaultSqlSession@32068aef] from current transaction
==>  Preparing: INSERT INTO download_task ( account_id, bucket, concurrency, total_objects, done_objects, status, created_at, updated_at ) VALUES ( ?, ?, ?, ?, ?, ?, ?, ? )
==> Parameters: 5(Long), bucket-main(String), 4(Integer), 1(Integer), 0(Integer), CREATED(String), 2026-02-21T00:40:14.397935(LocalDateTime), 2026-02-21T00:40:14.397935(LocalDateTime)
<==    Updates: 1
Releasing transactional SqlSession [org.apache.ibatis.session.defaults.DefaultSqlSession@32068aef]
JDBC Connection [HikariProxyConnection@1530563562 wrapping conn0: url=jdbc:h2:mem:obsdl user=SA] will be managed by Spring
==>  Preparing: INSERT INTO task_object ( task_id, object_key, size, status, created_at, updated_at ) VALUES ( ?, ?, ?, ?, ?, ? )
==> Parameters: 1004(Long), failed-file.txt(String), 0(Long), PENDING(String), 2026-02-21T00:40:14.397935(LocalDateTime), 2026-02-21T00:40:14.397935(LocalDateTime)
Transaction synchronization committing SqlSession [org.apache.ibatis.session.defaults.DefaultSqlSession@32068aef]
Transaction synchronization deregistering SqlSession [org.apache.ibatis.session.defaults.DefaultSqlSession@32068aef]
Transaction synchronization closing SqlSession [org.apache.ibatis.session.defaults.DefaultSqlSession@32068aef]
Creating a new SqlSession
Registering transaction synchronization for SqlSession [org.apache.ibatis.session.defaults.DefaultSqlSession@53f94afe]
JDBC Connection [HikariProxyConnection@2102280782 wrapping conn0: url=jdbc:h2:mem:obsdl user=SA] will be managed by Spring
==>  Preparing: SELECT id,account_id,bucket,concurrency,total_objects,done_objects,status,created_at,updated_at FROM download_task WHERE id=?
==> Parameters: 1004(Long)
<==    Columns: id, account_id, bucket, concurrency, total_objects, done_objects, status, created_at, updated_at
<==        Row: 1004, 5, bucket-main, 4, 1, 0, CREATED, 2026-02-21 00:40:14.397935, 2026-02-21 00:40:14.397935
<==      Total: 1
Releasing transactional SqlSession [org.apache.ibatis.session.defaults.DefaultSqlSession@53f94afe]
Fetched SqlSession [org.apache.ibatis.session.defaults.DefaultSqlSession@53f94afe] from current transaction
==>  Preparing: SELECT id,account_name,access_key,secret_key,endpoint,bucket,created_at,updated_at FROM obs_account WHERE id=?
==> Parameters: 5(Long)
<==    Columns: id, account_name, access_key, secret_key, endpoint, bucket, created_at, updated_at
<==        Row: 5, acc-failed, ak-failed, sk-failed, obs-gz.example.com, bucket-default, 2026-02-21 00:40:14.39552, 2026-02-21 00:40:14.39552
<==      Total: 1
Releasing transactional SqlSession [org.apache.ibatis.session.defaults.DefaultSqlSession@53f94afe]
Fetched SqlSession [org.apache.ibatis.session.defaults.DefaultSqlSession@53f94afe] from current transaction
==>  Preparing: SELECT id, task_id, object_key, size, status, leased_by, etag, created_at, updated_at FROM task_object WHERE task_id = ? AND status = 'PENDING' ORDER BY id LIMIT ? FOR UPDATE
==> Parameters: 1004(Long), 1(Integer)
<==    Columns: id, task_id, object_key, size, status, leased_by, etag, created_at, updated_at
<==        Row: 2006, 1004, failed-file.txt, 0, PENDING, null, null, 2026-02-21 00:40:14.397935, 2026-02-21 00:40:14.397935
<==      Total: 1
Releasing transactional SqlSession [org.apache.ibatis.session.defaults.DefaultSqlSession@53f94afe]
Fetched SqlSession [org.apache.ibatis.session.defaults.DefaultSqlSession@53f94afe] from current transaction
==>  Preparing: UPDATE task_object SET status = 'LEASED', leased_by = ?, updated_at = NOW() WHERE task_id = ? AND id IN ( ? )
==> Parameters: worker-fail(String), 1004(Long), 2006(Long)
<==    Updates: 1
Releasing transactional SqlSession [org.apache.ibatis.session.defaults.DefaultSqlSession@53f94afe]
Transaction synchronization committing SqlSession [org.apache.ibatis.session.defaults.DefaultSqlSession@53f94afe]
Transaction synchronization deregistering SqlSession [org.apache.ibatis.session.defaults.DefaultSqlSession@53f94afe]
Transaction synchronization closing SqlSession [org.apache.ibatis.session.defaults.DefaultSqlSession@53f94afe]
Creating a new SqlSession
Registering transaction synchronization for SqlSession [org.apache.ibatis.session.defaults.DefaultSqlSession@589d831e]
JDBC Connection [HikariProxyConnection@1549086472 wrapping conn0: url=jdbc:h2:mem:obsdl user=SA] will be managed by Spring
==>  Preparing: SELECT id,account_id,bucket,concurrency,total_objects,done_objects,status,created_at,updated_at FROM download_task WHERE id=?
==> Parameters: 1004(Long)
<==    Columns: id, account_id, bucket, concurrency, total_objects, done_objects, status, created_at, updated_at
<==        Row: 1004, 5, bucket-main, 4, 1, 0, CREATED, 2026-02-21 00:40:14.397935, 2026-02-21 00:40:14.397935
<==      Total: 1
Releasing transactional SqlSession [org.apache.ibatis.session.defaults.DefaultSqlSession@589d831e]
Fetched SqlSession [org.apache.ibatis.session.defaults.DefaultSqlSession@589d831e] from current transaction
==>  Preparing: SELECT id, task_id, object_key, size, status, leased_by, etag, created_at, updated_at FROM task_object WHERE task_id = ? AND object_key = ? FOR UPDATE
==> Parameters: 1004(Long), failed-file.txt(String)
<==    Columns: id, task_id, object_key, size, status, leased_by, etag, created_at, updated_at
<==        Row: 2006, 1004, failed-file.txt, 0, LEASED, worker-fail, null, 2026-02-21 00:40:14.397935, 2026-02-21 00:40:14.407184
<==      Total: 1
Releasing transactional SqlSession [org.apache.ibatis.session.defaults.DefaultSqlSession@589d831e]
Fetched SqlSession [org.apache.ibatis.session.defaults.DefaultSqlSession@589d831e] from current transaction
==>  Preparing: UPDATE task_object SET task_id=?, object_key=?, size=?, status=?, leased_by=?, created_at=?, updated_at=? WHERE id=?
==> Parameters: 1004(Long), failed-file.txt(String), 0(Long), FAILED(String), worker-fail(String), 2026-02-21T00:40:14.397935(LocalDateTime), 2026-02-21T00:40:14.407184(LocalDateTime), 2006(Long)
<==    Updates: 1
Releasing transactional SqlSession [org.apache.ibatis.session.defaults.DefaultSqlSession@589d831e]
2026-02-21T00:40:14.418+08:00  WARN 31345 --- [obsdl-master] [           main] com.obsdl.master.service.TaskService     : object reported failed, taskId=1004, objectKey=failed-file.txt, workerId=worker-fail, error=network timeout 
Transaction synchronization committing SqlSession [org.apache.ibatis.session.defaults.DefaultSqlSession@589d831e]
Transaction synchronization deregistering SqlSession [org.apache.ibatis.session.defaults.DefaultSqlSession@589d831e]
Transaction synchronization closing SqlSession [org.apache.ibatis.session.defaults.DefaultSqlSession@589d831e]
]]></system-out>
  </testcase>
  <testcase name="leaseTaskUpdatesObjectLeaseFieldsAndReturnsCredentials" classname="com.obsdl.master.controller.TaskControllerApiTest" time="0.013">
    <system-out><![CDATA[Creating a new SqlSession
Registering transaction synchronization for SqlSession [org.apache.ibatis.session.defaults.DefaultSqlSession@3472f3ab]
JDBC Connection [HikariProxyConnection@522491865 wrapping conn0: url=jdbc:h2:mem:obsdl user=SA] will be managed by Spring
==>  Preparing: SELECT id,account_name,access_key,secret_key,endpoint,bucket,created_at,updated_at FROM obs_account WHERE id=?
==> Parameters: 6(Long)
<==    Columns: id, account_name, access_key, secret_key, endpoint, bucket, created_at, updated_at
<==        Row: 6, acc-lease, ak-lease, sk-lease, obs-hk.example.com, bucket-default, 2026-02-21 00:40:14.427031, 2026-02-21 00:40:14.427031
<==      Total: 1
Releasing transactional SqlSession [org.apache.ibatis.session.defaults.DefaultSqlSession@3472f3ab]
Fetched SqlSession [org.apache.ibatis.session.defaults.DefaultSqlSession@3472f3ab] from current transaction
==>  Preparing: INSERT INTO download_task ( account_id, bucket, concurrency, total_objects, done_objects, status, created_at, updated_at ) VALUES ( ?, ?, ?, ?, ?, ?, ?, ? )
==> Parameters: 6(Long), bucket-main(String), 4(Integer), 2(Integer), 0(Integer), CREATED(String), 2026-02-21T00:40:14.429279(LocalDateTime), 2026-02-21T00:40:14.429279(LocalDateTime)
<==    Updates: 1
Releasing transactional SqlSession [org.apache.ibatis.session.defaults.DefaultSqlSession@3472f3ab]
JDBC Connection [HikariProxyConnection@522491865 wrapping conn0: url=jdbc:h2:mem:obsdl user=SA] will be managed by Spring
==>  Preparing: INSERT INTO task_object ( task_id, object_key, size, status, created_at, updated_at ) VALUES ( ?, ?, ?, ?, ?, ? )
==> Parameters: 1005(Long), file-1.txt(String), 0(Long), PENDING(String), 2026-02-21T00:40:14.429279(LocalDateTime), 2026-02-21T00:40:14.429279(LocalDateTime)
==> Parameters: 1005(Long), file-2.txt(String), 0(Long), PENDING(String), 2026-02-21T00:40:14.429279(LocalDateTime), 2026-02-21T00:40:14.429279(LocalDateTime)
Transaction synchronization committing SqlSession [org.apache.ibatis.session.defaults.DefaultSqlSession@3472f3ab]
Transaction synchronization deregistering SqlSession [org.apache.ibatis.session.defaults.DefaultSqlSession@3472f3ab]
Transaction synchronization closing SqlSession [org.apache.ibatis.session.defaults.DefaultSqlSession@3472f3ab]
Creating a new SqlSession
Registering transaction synchronization for SqlSession [org.apache.ibatis.session.defaults.DefaultSqlSession@406decb2]
JDBC Connection [HikariProxyConnection@1823741948 wrapping conn0: url=jdbc:h2:mem:obsdl user=SA] will be managed by Spring
==>  Preparing: SELECT id,account_id,bucket,concurrency,total_objects,done_objects,status,created_at,updated_at FROM download_task WHERE id=?
==> Parameters: 1005(Long)
<==    Columns: id, account_id, bucket, concurrency, total_objects, done_objects, status, created_at, updated_at
<==        Row: 1005, 6, bucket-main, 4, 2, 0, CREATED, 2026-02-21 00:40:14.429279, 2026-02-21 00:40:14.429279
<==      Total: 1
Releasing transactional SqlSession [org.apache.ibatis.session.defaults.DefaultSqlSession@406decb2]
Fetched SqlSession [org.apache.ibatis.session.defaults.DefaultSqlSession@406decb2] from current transaction
==>  Preparing: SELECT id,account_name,access_key,secret_key,endpoint,bucket,created_at,updated_at FROM obs_account WHERE id=?
==> Parameters: 6(Long)
<==    Columns: id, account_name, access_key, secret_key, endpoint, bucket, created_at, updated_at
<==        Row: 6, acc-lease, ak-lease, sk-lease, obs-hk.example.com, bucket-default, 2026-02-21 00:40:14.427031, 2026-02-21 00:40:14.427031
<==      Total: 1
Releasing transactional SqlSession [org.apache.ibatis.session.defaults.DefaultSqlSession@406decb2]
Fetched SqlSession [org.apache.ibatis.session.defaults.DefaultSqlSession@406decb2] from current transaction
==>  Preparing: SELECT id, task_id, object_key, size, status, leased_by, etag, created_at, updated_at FROM task_object WHERE task_id = ? AND status = 'PENDING' ORDER BY id LIMIT ? FOR UPDATE
==> Parameters: 1005(Long), 1(Integer)
<==    Columns: id, task_id, object_key, size, status, leased_by, etag, created_at, updated_at
<==        Row: 2007, 1005, file-1.txt, 0, PENDING, null, null, 2026-02-21 00:40:14.429279, 2026-02-21 00:40:14.429279
<==      Total: 1
Releasing transactional SqlSession [org.apache.ibatis.session.defaults.DefaultSqlSession@406decb2]
Fetched SqlSession [org.apache.ibatis.session.defaults.DefaultSqlSession@406decb2] from current transaction
==>  Preparing: UPDATE task_object SET status = 'LEASED', leased_by = ?, updated_at = NOW() WHERE task_id = ? AND id IN ( ? )
==> Parameters: worker-a(String), 1005(Long), 2007(Long)
<==    Updates: 1
Releasing transactional SqlSession [org.apache.ibatis.session.defaults.DefaultSqlSession@406decb2]
Transaction synchronization committing SqlSession [org.apache.ibatis.session.defaults.DefaultSqlSession@406decb2]
Transaction synchronization deregistering SqlSession [org.apache.ibatis.session.defaults.DefaultSqlSession@406decb2]
Transaction synchronization closing SqlSession [org.apache.ibatis.session.defaults.DefaultSqlSession@406decb2]
]]></system-out>
  </testcase>
  <testcase name="createTaskReturnsNotFoundWhenAccountDoesNotExist" classname="com.obsdl.master.controller.TaskControllerApiTest" time="0.005">
    <system-out><![CDATA[Creating a new SqlSession
Registering transaction synchronization for SqlSession [org.apache.ibatis.session.defaults.DefaultSqlSession@5ab3f611]
JDBC Connection [HikariProxyConnection@1152013701 wrapping conn0: url=jdbc:h2:mem:obsdl user=SA] will be managed by Spring
==>  Preparing: SELECT id,account_name,access_key,secret_key,endpoint,bucket,created_at,updated_at FROM obs_account WHERE id=?
==> Parameters: 999999(Long)
<==      Total: 0
Releasing transactional SqlSession [org.apache.ibatis.session.defaults.DefaultSqlSession@5ab3f611]
Transaction synchronization deregistering SqlSession [org.apache.ibatis.session.defaults.DefaultSqlSession@5ab3f611]
Transaction synchronization closing SqlSession [org.apache.ibatis.session.defaults.DefaultSqlSession@5ab3f611]
]]></system-out>
  </testcase>
  <testcase name="reportDoneUpdatesObjectAndTaskCompletionFields" classname="com.obsdl.master.controller.TaskControllerApiTest" time="0.017">
    <system-out><![CDATA[Creating a new SqlSession
Registering transaction synchronization for SqlSession [org.apache.ibatis.session.defaults.DefaultSqlSession@786cc1df]
JDBC Connection [HikariProxyConnection@507126135 wrapping conn0: url=jdbc:h2:mem:obsdl user=SA] will be managed by Spring
==>  Preparing: SELECT id,account_name,access_key,secret_key,endpoint,bucket,created_at,updated_at FROM obs_account WHERE id=?
==> Parameters: 7(Long)
<==    Columns: id, account_name, access_key, secret_key, endpoint, bucket, created_at, updated_at
<==        Row: 7, acc-done, ak-done, sk-done, obs-sz.example.com, bucket-default, 2026-02-21 00:40:14.446734, 2026-02-21 00:40:14.446734
<==      Total: 1
Releasing transactional SqlSession [org.apache.ibatis.session.defaults.DefaultSqlSession@786cc1df]
Fetched SqlSession [org.apache.ibatis.session.defaults.DefaultSqlSession@786cc1df] from current transaction
==>  Preparing: INSERT INTO download_task ( account_id, bucket, concurrency, total_objects, done_objects, status, created_at, updated_at ) VALUES ( ?, ?, ?, ?, ?, ?, ?, ? )
==> Parameters: 7(Long), bucket-main(String), 4(Integer), 1(Integer), 0(Integer), CREATED(String), 2026-02-21T00:40:14.448690(LocalDateTime), 2026-02-21T00:40:14.448690(LocalDateTime)
<==    Updates: 1
Releasing transactional SqlSession [org.apache.ibatis.session.defaults.DefaultSqlSession@786cc1df]
JDBC Connection [HikariProxyConnection@507126135 wrapping conn0: url=jdbc:h2:mem:obsdl user=SA] will be managed by Spring
==>  Preparing: INSERT INTO task_object ( task_id, object_key, size, status, created_at, updated_at ) VALUES ( ?, ?, ?, ?, ?, ? )
==> Parameters: 1006(Long), done-file.txt(String), 0(Long), PENDING(String), 2026-02-21T00:40:14.448690(LocalDateTime), 2026-02-21T00:40:14.448690(LocalDateTime)
Transaction synchronization committing SqlSession [org.apache.ibatis.session.defaults.DefaultSqlSession@786cc1df]
Transaction synchronization deregistering SqlSession [org.apache.ibatis.session.defaults.DefaultSqlSession@786cc1df]
Transaction synchronization closing SqlSession [org.apache.ibatis.session.defaults.DefaultSqlSession@786cc1df]
Creating a new SqlSession
Registering transaction synchronization for SqlSession [org.apache.ibatis.session.defaults.DefaultSqlSession@1755aee6]
JDBC Connection [HikariProxyConnection@283430552 wrapping conn0: url=jdbc:h2:mem:obsdl user=SA] will be managed by Spring
==>  Preparing: SELECT id,account_id,bucket,concurrency,total_objects,done_objects,status,created_at,updated_at FROM download_task WHERE id=?
==> Parameters: 1006(Long)
<==    Columns: id, account_id, bucket, concurrency, total_objects, done_objects, status, created_at, updated_at
<==        Row: 1006, 7, bucket-main, 4, 1, 0, CREATED, 2026-02-21 00:40:14.44869, 2026-02-21 00:40:14.44869
<==      Total: 1
Releasing transactional SqlSession [org.apache.ibatis.session.defaults.DefaultSqlSession@1755aee6]
Fetched SqlSession [org.apache.ibatis.session.defaults.DefaultSqlSession@1755aee6] from current transaction
==>  Preparing: SELECT id,account_name,access_key,secret_key,endpoint,bucket,created_at,updated_at FROM obs_account WHERE id=?
==> Parameters: 7(Long)
<==    Columns: id, account_name, access_key, secret_key, endpoint, bucket, created_at, updated_at
<==        Row: 7, acc-done, ak-done, sk-done, obs-sz.example.com, bucket-default, 2026-02-21 00:40:14.446734, 2026-02-21 00:40:14.446734
<==      Total: 1
Releasing transactional SqlSession [org.apache.ibatis.session.defaults.DefaultSqlSession@1755aee6]
Fetched SqlSession [org.apache.ibatis.session.defaults.DefaultSqlSession@1755aee6] from current transaction
==>  Preparing: SELECT id, task_id, object_key, size, status, leased_by, etag, created_at, updated_at FROM task_object WHERE task_id = ? AND status = 'PENDING' ORDER BY id LIMIT ? FOR UPDATE
==> Parameters: 1006(Long), 1(Integer)
<==    Columns: id, task_id, object_key, size, status, leased_by, etag, created_at, updated_at
<==        Row: 2009, 1006, done-file.txt, 0, PENDING, null, null, 2026-02-21 00:40:14.44869, 2026-02-21 00:40:14.44869
<==      Total: 1
Releasing transactional SqlSession [org.apache.ibatis.session.defaults.DefaultSqlSession@1755aee6]
Fetched SqlSession [org.apache.ibatis.session.defaults.DefaultSqlSession@1755aee6] from current transaction
==>  Preparing: UPDATE task_object SET status = 'LEASED', leased_by = ?, updated_at = NOW() WHERE task_id = ? AND id IN ( ? )
==> Parameters: worker-done(String), 1006(Long), 2009(Long)
<==    Updates: 1
Releasing transactional SqlSession [org.apache.ibatis.session.defaults.DefaultSqlSession@1755aee6]
Transaction synchronization committing SqlSession [org.apache.ibatis.session.defaults.DefaultSqlSession@1755aee6]
Transaction synchronization deregistering SqlSession [org.apache.ibatis.session.defaults.DefaultSqlSession@1755aee6]
Transaction synchronization closing SqlSession [org.apache.ibatis.session.defaults.DefaultSqlSession@1755aee6]
Creating a new SqlSession
Registering transaction synchronization for SqlSession [org.apache.ibatis.session.defaults.DefaultSqlSession@10466c55]
JDBC Connection [HikariProxyConnection@710041480 wrapping conn0: url=jdbc:h2:mem:obsdl user=SA] will be managed by Spring
==>  Preparing: SELECT id,account_id,bucket,concurrency,total_objects,done_objects,status,created_at,updated_at FROM download_task WHERE id=?
==> Parameters: 1006(Long)
<==    Columns: id, account_id, bucket, concurrency, total_objects, done_objects, status, created_at, updated_at
<==        Row: 1006, 7, bucket-main, 4, 1, 0, CREATED, 2026-02-21 00:40:14.44869, 2026-02-21 00:40:14.44869
<==      Total: 1
Releasing transactional SqlSession [org.apache.ibatis.session.defaults.DefaultSqlSession@10466c55]
Fetched SqlSession [org.apache.ibatis.session.defaults.DefaultSqlSession@10466c55] from current transaction
==>  Preparing: SELECT id, task_id, object_key, size, status, leased_by, etag, created_at, updated_at FROM task_object WHERE task_id = ? AND object_key = ? FOR UPDATE
==> Parameters: 1006(Long), done-file.txt(String)
<==    Columns: id, task_id, object_key, size, status, leased_by, etag, created_at, updated_at
<==        Row: 2009, 1006, done-file.txt, 0, LEASED, worker-done, null, 2026-02-21 00:40:14.44869, 2026-02-21 00:40:14.454365
<==      Total: 1
Releasing transactional SqlSession [org.apache.ibatis.session.defaults.DefaultSqlSession@10466c55]
Fetched SqlSession [org.apache.ibatis.session.defaults.DefaultSqlSession@10466c55] from current transaction
==>  Preparing: UPDATE task_object SET task_id=?, object_key=?, size=?, status=?, leased_by=?, created_at=?, updated_at=? WHERE id=?
==> Parameters: 1006(Long), done-file.txt(String), 0(Long), DONE(String), worker-done(String), 2026-02-21T00:40:14.448690(LocalDateTime), 2026-02-21T00:40:14.454365(LocalDateTime), 2009(Long)
<==    Updates: 1
Releasing transactional SqlSession [org.apache.ibatis.session.defaults.DefaultSqlSession@10466c55]
Fetched SqlSession [org.apache.ibatis.session.defaults.DefaultSqlSession@10466c55] from current transaction
==>  Preparing: UPDATE download_task SET done_objects = done_objects + 1, updated_at = NOW() WHERE id = ?
==> Parameters: 1006(Long)
<==    Updates: 1
Releasing transactional SqlSession [org.apache.ibatis.session.defaults.DefaultSqlSession@10466c55]
Fetched SqlSession [org.apache.ibatis.session.defaults.DefaultSqlSession@10466c55] from current transaction
==>  Preparing: UPDATE download_task SET status = 'DONE', updated_at = NOW() WHERE id = ? AND done_objects = total_objects AND status <> 'DONE'
==> Parameters: 1006(Long)
<==    Updates: 1
Releasing transactional SqlSession [org.apache.ibatis.session.defaults.DefaultSqlSession@10466c55]
Transaction synchronization committing SqlSession [org.apache.ibatis.session.defaults.DefaultSqlSession@10466c55]
Transaction synchronization deregistering SqlSession [org.apache.ibatis.session.defaults.DefaultSqlSession@10466c55]
Transaction synchronization closing SqlSession [org.apache.ibatis.session.defaults.DefaultSqlSession@10466c55]
]]></system-out>
  </testcase>
  <testcase name="createTaskPersistsExpectedDatabaseFields" classname="com.obsdl.master.controller.TaskControllerApiTest" time="0.012">
    <system-out><![CDATA[Creating a new SqlSession
Registering transaction synchronization for SqlSession [org.apache.ibatis.session.defaults.DefaultSqlSession@447630c4]
JDBC Connection [HikariProxyConnection@80261050 wrapping conn0: url=jdbc:h2:mem:obsdl user=SA] will be managed by Spring
==>  Preparing: SELECT id,account_name,access_key,secret_key,endpoint,bucket,created_at,updated_at FROM obs_account WHERE id=?
==> Parameters: 8(Long)
<==    Columns: id, account_name, access_key, secret_key, endpoint, bucket, created_at, updated_at
<==        Row: 8, acc-main, ak-main, sk-main, obs-cn.example.com, bucket-default, 2026-02-21 00:40:14.465954, 2026-02-21 00:40:14.465954
<==      Total: 1
Releasing transactional SqlSession [org.apache.ibatis.session.defaults.DefaultSqlSession@447630c4]
Fetched SqlSession [org.apache.ibatis.session.defaults.DefaultSqlSession@447630c4] from current transaction
==>  Preparing: INSERT INTO download_task ( account_id, bucket, concurrency, total_objects, done_objects, status, created_at, updated_at ) VALUES ( ?, ?, ?, ?, ?, ?, ?, ? )
==> Parameters: 8(Long), bucket-main(String), 4(Integer), 2(Integer), 0(Integer), CREATED(String), 2026-02-21T00:40:14.467789(LocalDateTime), 2026-02-21T00:40:14.467789(LocalDateTime)
<==    Updates: 1
Releasing transactional SqlSession [org.apache.ibatis.session.defaults.DefaultSqlSession@447630c4]
JDBC Connection [HikariProxyConnection@80261050 wrapping conn0: url=jdbc:h2:mem:obsdl user=SA] will be managed by Spring
==>  Preparing: INSERT INTO task_object ( task_id, object_key, size, status, created_at, updated_at ) VALUES ( ?, ?, ?, ?, ?, ? )
==> Parameters: 1007(Long), file-1.txt(String), 0(Long), PENDING(String), 2026-02-21T00:40:14.467789(LocalDateTime), 2026-02-21T00:40:14.467789(LocalDateTime)
==> Parameters: 1007(Long), file-2.txt(String), 0(Long), PENDING(String), 2026-02-21T00:40:14.467789(LocalDateTime), 2026-02-21T00:40:14.467789(LocalDateTime)
Transaction synchronization committing SqlSession [org.apache.ibatis.session.defaults.DefaultSqlSession@447630c4]
Transaction synchronization deregistering SqlSession [org.apache.ibatis.session.defaults.DefaultSqlSession@447630c4]
Transaction synchronization closing SqlSession [org.apache.ibatis.session.defaults.DefaultSqlSession@447630c4]
]]></system-out>
  </testcase>
</testsuite>