<?xml version="1.0" encoding="UTF-8"?>
<testsuite xmlns:xsi="http://www.w3.org/2001/XMLSchema-instance" xsi:noNamespaceSchemaLocation="https://maven.apache.org/surefire/maven-surefire-plugin/xsd/surefire-test-report-3.0.xsd" version="3.0" name="com.obsdl.master.controller.ObsMockControllerApiTest" time="0.042" tests="6" errors="0" skipped="0" failures="0">
  <properties>
[...]
</properties>
  <testcase name="level1ListingViaApi" classname="com.obsdl.master.controller.ObsMockControllerApiTest" time="0.01">
    <system-out><![CDATA[2026-02-22T00:59:31.641+08:00  INFO 87760 --- [obsdl-master] [           main] t.c.s.AnnotationConfigContextLoaderUtils : Could not detect default configuration classes for test class [com.obsdl.master.controller.ObsMockControllerApiTest]: ObsMockControllerApiTest does not declare any static, non-private, non-final, nested classes annotated with @Configuration.
2026-02-22T00:59:31.642+08:00  INFO 87760 --- [obsdl-master] [           main] .b.t.c.SpringBootTestContextBootstrapper : Found @SpringBootConfiguration com.obsdl.master.MasterApplication for test class com.obsdl.master.controller.ObsMockControllerApiTest
Creating a new SqlSession
SqlSession [org.apache.ibatis.session.defaults.DefaultSqlSession@490704a5] was not registered for synchronization because synchronization is not active
JDBC Connection [HikariProxyConnection@909013150 wrapping conn0: url=jdbc:h2:mem:obsdl user=SA] will not be managed by Spring
==>  Preparing: SELECT id,bucket,object_key,size,last_modified,etag,storage_class FROM obs_mock_object WHERE (bucket = ? AND object_key LIKE ?) ORDER BY object_key ASC
==> Parameters: demo-bucket(String), docs/%(String)
<==    Columns: id, bucket, object_key, size, last_modified, etag, storage_class
<==        Row: 3005, demo-bucket, docs/specs/v1/api.yaml, 512, 2026-02-21 10:04:00, etag-3005, STANDARD
<==        Row: 3004, demo-bucket, docs/specs/v1/design.pdf, 4096, 2026-02-21 10:03:00, etag-3004, STANDARD
<==        Row: 3006, demo-bucket, docs/specs/v2/api.yaml, 768, 2026-02-21 10:05:00, etag-3006, STANDARD
<==      Total: 3
Closing non transactional SqlSession [org.apache.ibatis.session.defaults.DefaultSqlSession@490704a5]
]]></system-out>
  </testcase>
  <testcase name="listBucketsViaApi" classname="com.obsdl.master.controller.ObsMockControllerApiTest" time="0.007">
    <system-out><![CDATA[Creating a new SqlSession
SqlSession [org.apache.ibatis.session.defaults.DefaultSqlSession@3e7ddb7e] was not registered for synchronization because synchronization is not active
JDBC Connection [HikariProxyConnection@1761988656 wrapping conn0: url=jdbc:h2:mem:obsdl user=SA] will not be managed by Spring
==>  Preparing: SELECT id,account_name,access_key,secret_key,endpoint,bucket,created_at,updated_at FROM obs_account WHERE id=?
==> Parameters: 12(Long)
<==    Columns: id, account_name, access_key, secret_key, endpoint, bucket, created_at, updated_at
<==        Row: 12, acc-bucket-query, ak-bucket-query, sk-bucket-query, obs-cn.example.com, demo-bucket, 2026-02-22 00:59:31.656303, 2026-02-22 00:59:31.656303
<==      Total: 1
Closing non transactional SqlSession [org.apache.ibatis.session.defaults.DefaultSqlSession@3e7ddb7e]
Creating a new SqlSession
SqlSession [org.apache.ibatis.session.defaults.DefaultSqlSession@3bc33ad9] was not registered for synchronization because synchronization is not active
JDBC Connection [HikariProxyConnection@1798680820 wrapping conn0: url=jdbc:h2:mem:obsdl user=SA] will not be managed by Spring
==>  Preparing: SELECT id,account_name,access_key,secret_key,endpoint,bucket,created_at,updated_at FROM obs_account WHERE (id = ?)
==> Parameters: 12(Long)
<==    Columns: id, account_name, access_key, secret_key, endpoint, bucket, created_at, updated_at
<==        Row: 12, acc-bucket-query, ak-bucket-query, sk-bucket-query, obs-cn.example.com, demo-bucket, 2026-02-22 00:59:31.656303, 2026-02-22 00:59:31.656303
<==      Total: 1
Closing non transactional SqlSession [org.apache.ibatis.session.defaults.DefaultSqlSession@3bc33ad9]
]]></system-out>
  </testcase>
  <testcase name="rootListingViaApi" classname="com.obsdl.master.controller.ObsMockControllerApiTest" time="0.006">
    <system-out><![CDATA[Creating a new SqlSession
SqlSession [org.apache.ibatis.session.defaults.DefaultSqlSession@5bbc033f] was not registered for synchronization because synchronization is not active
JDBC Connection [HikariProxyConnection@1934240791 wrapping conn0: url=jdbc:h2:mem:obsdl user=SA] will not be managed by Spring
==>  Preparing: SELECT id,bucket,object_key,size,last_modified,etag,storage_class FROM obs_mock_object WHERE (bucket = ? AND object_key LIKE ?) ORDER BY object_key ASC
==> Parameters: demo-bucket(String), %(String)
<==    Columns: id, bucket, object_key, size, last_modified, etag, storage_class
<==        Row: 3005, demo-bucket, docs/specs/v1/api.yaml, 512, 2026-02-21 10:04:00, etag-3005, STANDARD
<==        Row: 3004, demo-bucket, docs/specs/v1/design.pdf, 4096, 2026-02-21 10:03:00, etag-3004, STANDARD
<==        Row: 3006, demo-bucket, docs/specs/v2/api.yaml, 768, 2026-02-21 10:05:00, etag-3006, STANDARD
<==        Row: 3001, demo-bucket, photos/2025/01/a.jpg, 1024, 2026-02-21 10:00:00, etag-3001, STANDARD
<==        Row: 3002, demo-bucket, photos/2025/02/b.jpg, 2048, 2026-02-21 10:01:00, etag-3002, STANDARD
<==        Row: 3003, demo-bucket, photos/readme.txt, 128, 2026-02-21 10:02:00, etag-3003, STANDARD
<==        Row: 3007, demo-bucket, root.txt, 64, 2026-02-21 10:06:00, etag-3007, STANDARD_IA
<==      Total: 7
Closing non transactional SqlSession [org.apache.ibatis.session.defaults.DefaultSqlSession@5bbc033f]
]]></system-out>
  </testcase>
  <testcase name="emptyListingViaApi" classname="com.obsdl.master.controller.ObsMockControllerApiTest" time="0.004">
    <system-out><![CDATA[Creating a new SqlSession
SqlSession [org.apache.ibatis.session.defaults.DefaultSqlSession@3df681cc] was not registered for synchronization because synchronization is not active
JDBC Connection [HikariProxyConnection@1000871406 wrapping conn0: url=jdbc:h2:mem:obsdl user=SA] will not be managed by Spring
==>  Preparing: SELECT id,bucket,object_key,size,last_modified,etag,storage_class FROM obs_mock_object WHERE (bucket = ? AND object_key LIKE ?) ORDER BY object_key ASC
==> Parameters: demo-bucket(String), no_such_dir/%(String)
<==      Total: 0
Closing non transactional SqlSession [org.apache.ibatis.session.defaults.DefaultSqlSession@3df681cc]
]]></system-out>
  </testcase>
  <testcase name="leafListingViaApi" classname="com.obsdl.master.controller.ObsMockControllerApiTest" time="0.004">
    <system-out><![CDATA[Creating a new SqlSession
SqlSession [org.apache.ibatis.session.defaults.DefaultSqlSession@5c40402c] was not registered for synchronization because synchronization is not active
JDBC Connection [HikariProxyConnection@412255839 wrapping conn0: url=jdbc:h2:mem:obsdl user=SA] will not be managed by Spring
==>  Preparing: SELECT id,bucket,object_key,size,last_modified,etag,storage_class FROM obs_mock_object WHERE (bucket = ? AND object_key LIKE ?) ORDER BY object_key ASC
==> Parameters: demo-bucket(String), docs/specs/v1/%(String)
<==    Columns: id, bucket, object_key, size, last_modified, etag, storage_class
<==        Row: 3005, demo-bucket, docs/specs/v1/api.yaml, 512, 2026-02-21 10:04:00, etag-3005, STANDARD
<==        Row: 3004, demo-bucket, docs/specs/v1/design.pdf, 4096, 2026-02-21 10:03:00, etag-3004, STANDARD
<==      Total: 2
Closing non transactional SqlSession [org.apache.ibatis.session.defaults.DefaultSqlSession@5c40402c]
]]></system-out>
  </testcase>
  <testcase name="level2ListingViaApi" classname="com.obsdl.master.controller.ObsMockControllerApiTest" time="0.004">
    <system-out><![CDATA[Creating a new SqlSession
SqlSession [org.apache.ibatis.session.defaults.DefaultSqlSession@7d65c0ac] was not registered for synchronization because synchronization is not active
JDBC Connection [HikariProxyConnection@1909002529 wrapping conn0: url=jdbc:h2:mem:obsdl user=SA] will not be managed by Spring
==>  Preparing: SELECT id,bucket,object_key,size,last_modified,etag,storage_class FROM obs_mock_object WHERE (bucket = ? AND object_key LIKE ?) ORDER BY object_key ASC
==> Parameters: demo-bucket(String), docs/specs/%(String)
<==    Columns: id, bucket, object_key, size, last_modified, etag, storage_class
<==        Row: 3005, demo-bucket, docs/specs/v1/api.yaml, 512, 2026-02-21 10:04:00, etag-3005, STANDARD
<==        Row: 3004, demo-bucket, docs/specs/v1/design.pdf, 4096, 2026-02-21 10:03:00, etag-3004, STANDARD
<==        Row: 3006, demo-bucket, docs/specs/v2/api.yaml, 768, 2026-02-21 10:05:00, etag-3006, STANDARD
<==      Total: 3
Closing non transactional SqlSession [org.apache.ibatis.session.defaults.DefaultSqlSession@7d65c0ac]
]]></system-out>
  </testcase>
</testsuite>